<?xml version="1.0" encoding="UTF-8"?>
<!-- Generated by org.testng.reporters.JUnitXMLReporter -->
<testsuite ignored="11" hostname="COG-WIN-MAC03" failures="0" tests="70" name="Test" time="1.452" errors="0" timestamp="2022-11-03T17:19:37 IST">
  <testcase classname="utils.WebTestBase" name="@BeforeClass setUp" time="0.096">
    <failure type="java.lang.IllegalStateException" message="The driver executable does not exist: C:\Users\aanand\git\TalygenTimeTracking\TalygenTimeTracking\chromedriver.exe">
      <![CDATA[java.lang.IllegalStateException: The driver executable does not exist: C:\Users\aanand\git\TalygenTimeTracking\TalygenTimeTracking\chromedriver.exe
at com.google.common.base.Preconditions.checkState(Preconditions.java:585)
at org.openqa.selenium.remote.service.DriverService.checkExecutable(DriverService.java:146)
at org.openqa.selenium.remote.service.DriverService.findExecutable(DriverService.java:141)
at org.openqa.selenium.chrome.ChromeDriverService.access$000(ChromeDriverService.java:35)
at org.openqa.selenium.chrome.ChromeDriverService$Builder.findDefaultExecutable(ChromeDriverService.java:159)
at org.openqa.selenium.remote.service.DriverService$Builder.build(DriverService.java:355)
at org.openqa.selenium.chrome.ChromeDriverService.createDefaultService(ChromeDriverService.java:94)
at org.openqa.selenium.chrome.ChromeDriver.<init>(ChromeDriver.java:157)
at utils.Drivers.getWebDriver(Drivers.java:59)
at utils.WebTestBase.setUp(WebTestBase.java:51)
at java.base/java.util.ArrayList.forEach(ArrayList.java:1511)
... Removed 25 stack frames]]>
    </failure>
  </testcase> <!-- @BeforeClass setUp -->
  <testcase classname="utils.WebTestBase" name="@BeforeMethod beforeMethod" time="-1.667476176341E9">
    <skipped/>
  </testcase> <!-- @BeforeMethod beforeMethod -->
  <testcase classname="utils.WebTestBase" name="@AfterMethod reportWrapUp" time="0.1">
    <failure type="java.lang.NullPointerException" message="Cannot invoke &amp;quot;org.openqa.selenium.TakesScreenshot.getScreenshotAs(org.openqa.selenium.OutputType)&amp;quot; because &amp;quot;this.driver&amp;quot; is null">
      <![CDATA[java.lang.NullPointerException: Cannot invoke "org.openqa.selenium.TakesScreenshot.getScreenshotAs(org.openqa.selenium.OutputType)" because "this.driver" is null
at utils.WebTestBase.reportWrapUp(WebTestBase.java:70)
at java.base/java.util.ArrayList.forEach(ArrayList.java:1511)
... Removed 32 stack frames]]>
    </failure>
  </testcase> <!-- @AfterMethod reportWrapUp -->
  <testcase classname="utils.WebTestBase" name="@BeforeMethod beforeMethod" time="-1.667476176475E9">
    <skipped/>
  </testcase> <!-- @BeforeMethod beforeMethod -->
  <testcase classname="utils.WebTestBase" name="@AfterMethod reportWrapUp" time="0.001">
    <failure type="java.lang.NullPointerException" message="Cannot invoke &amp;quot;org.openqa.selenium.TakesScreenshot.getScreenshotAs(org.openqa.selenium.OutputType)&amp;quot; because &amp;quot;this.driver&amp;quot; is null">
      <![CDATA[java.lang.NullPointerException: Cannot invoke "org.openqa.selenium.TakesScreenshot.getScreenshotAs(org.openqa.selenium.OutputType)" because "this.driver" is null
at utils.WebTestBase.reportWrapUp(WebTestBase.java:70)
at java.base/java.util.ArrayList.forEach(ArrayList.java:1511)
... Removed 32 stack frames]]>
    </failure>
  </testcase> <!-- @AfterMethod reportWrapUp -->
  <testcase classname="utils.WebTestBase" name="@AfterClass closeBrowser" time="0.0">
    <failure type="java.lang.NullPointerException" message="Cannot invoke &amp;quot;org.openqa.selenium.WebDriver.quit()&amp;quot; because &amp;quot;this.driver&amp;quot; is null">
      <![CDATA[java.lang.NullPointerException: Cannot invoke "org.openqa.selenium.WebDriver.quit()" because "this.driver" is null
at utils.WebTestBase.closeBrowser(WebTestBase.java:86)
at java.base/java.util.ArrayList.forEach(ArrayList.java:1511)
... Removed 25 stack frames]]>
    </failure>
  </testcase> <!-- @AfterClass closeBrowser -->
  <testcase classname="utils.WebTestBase" name="@BeforeClass setUp" time="0.006">
    <failure type="java.lang.IllegalStateException" message="The driver executable does not exist: C:\Users\aanand\git\TalygenTimeTracking\TalygenTimeTracking\chromedriver.exe">
      <![CDATA[java.lang.IllegalStateException: The driver executable does not exist: C:\Users\aanand\git\TalygenTimeTracking\TalygenTimeTracking\chromedriver.exe
at com.google.common.base.Preconditions.checkState(Preconditions.java:585)
at org.openqa.selenium.remote.service.DriverService.checkExecutable(DriverService.java:146)
at org.openqa.selenium.remote.service.DriverService.findExecutable(DriverService.java:141)
at org.openqa.selenium.chrome.ChromeDriverService.access$000(ChromeDriverService.java:35)
at org.openqa.selenium.chrome.ChromeDriverService$Builder.findDefaultExecutable(ChromeDriverService.java:159)
at org.openqa.selenium.remote.service.DriverService$Builder.build(DriverService.java:355)
at org.openqa.selenium.chrome.ChromeDriverService.createDefaultService(ChromeDriverService.java:94)
at org.openqa.selenium.chrome.ChromeDriver.<init>(ChromeDriver.java:157)
at utils.Drivers.getWebDriver(Drivers.java:59)
at utils.WebTestBase.setUp(WebTestBase.java:51)
at java.base/java.util.ArrayList.forEach(ArrayList.java:1511)
... Removed 25 stack frames]]>
    </failure>
  </testcase> <!-- @BeforeClass setUp -->
  <testcase classname="utils.WebTestBase" name="@BeforeMethod beforeMethod" time="-1.667476176505E9">
    <skipped/>
  </testcase> <!-- @BeforeMethod beforeMethod -->
  <testcase classname="utils.WebTestBase" name="@AfterMethod reportWrapUp" time="0.0">
    <failure type="java.lang.NullPointerException" message="Cannot invoke &amp;quot;org.openqa.selenium.TakesScreenshot.getScreenshotAs(org.openqa.selenium.OutputType)&amp;quot; because &amp;quot;this.driver&amp;quot; is null">
      <![CDATA[java.lang.NullPointerException: Cannot invoke "org.openqa.selenium.TakesScreenshot.getScreenshotAs(org.openqa.selenium.OutputType)" because "this.driver" is null
at utils.WebTestBase.reportWrapUp(WebTestBase.java:70)
at java.base/java.util.ArrayList.forEach(ArrayList.java:1511)
... Removed 32 stack frames]]>
    </failure>
  </testcase> <!-- @AfterMethod reportWrapUp -->
  <testcase classname="utils.WebTestBase" name="@BeforeMethod beforeMethod" time="-1.667476176525E9">
    <skipped/>
  </testcase> <!-- @BeforeMethod beforeMethod -->
  <testcase classname="utils.WebTestBase" name="@AfterMethod reportWrapUp" time="0.002">
    <failure type="java.lang.NullPointerException" message="Cannot invoke &amp;quot;org.openqa.selenium.TakesScreenshot.getScreenshotAs(org.openqa.selenium.OutputType)&amp;quot; because &amp;quot;this.driver&amp;quot; is null">
      <![CDATA[java.lang.NullPointerException: Cannot invoke "org.openqa.selenium.TakesScreenshot.getScreenshotAs(org.openqa.selenium.OutputType)" because "this.driver" is null
at utils.WebTestBase.reportWrapUp(WebTestBase.java:70)
at java.base/java.util.ArrayList.forEach(ArrayList.java:1511)
... Removed 32 stack frames]]>
    </failure>
  </testcase> <!-- @AfterMethod reportWrapUp -->
  <testcase classname="utils.WebTestBase" name="@BeforeMethod beforeMethod" time="-1.667476176537E9">
    <skipped/>
  </testcase> <!-- @BeforeMethod beforeMethod -->
  <testcase classname="utils.WebTestBase" name="@AfterMethod reportWrapUp" time="0.002">
    <failure type="java.lang.NullPointerException" message="Cannot invoke &amp;quot;org.openqa.selenium.TakesScreenshot.getScreenshotAs(org.openqa.selenium.OutputType)&amp;quot; because &amp;quot;this.driver&amp;quot; is null">
      <![CDATA[java.lang.NullPointerException: Cannot invoke "org.openqa.selenium.TakesScreenshot.getScreenshotAs(org.openqa.selenium.OutputType)" because "this.driver" is null
at utils.WebTestBase.reportWrapUp(WebTestBase.java:70)
at java.base/java.util.ArrayList.forEach(ArrayList.java:1511)
... Removed 32 stack frames]]>
    </failure>
  </testcase> <!-- @AfterMethod reportWrapUp -->
  <testcase classname="utils.WebTestBase" name="@BeforeMethod beforeMethod" time="-1.667476176557E9">
    <skipped/>
  </testcase> <!-- @BeforeMethod beforeMethod -->
  <testcase classname="utils.WebTestBase" name="@AfterMethod reportWrapUp" time="0.002">
    <failure type="java.lang.NullPointerException" message="Cannot invoke &amp;quot;org.openqa.selenium.TakesScreenshot.getScreenshotAs(org.openqa.selenium.OutputType)&amp;quot; because &amp;quot;this.driver&amp;quot; is null">
      <![CDATA[java.lang.NullPointerException: Cannot invoke "org.openqa.selenium.TakesScreenshot.getScreenshotAs(org.openqa.selenium.OutputType)" because "this.driver" is null
at utils.WebTestBase.reportWrapUp(WebTestBase.java:70)
at java.base/java.util.ArrayList.forEach(ArrayList.java:1511)
... Removed 32 stack frames]]>
    </failure>
  </testcase> <!-- @AfterMethod reportWrapUp -->
  <testcase classname="utils.WebTestBase" name="@BeforeMethod beforeMethod" time="-1.66747617658E9">
    <skipped/>
  </testcase> <!-- @BeforeMethod beforeMethod -->
  <testcase classname="utils.WebTestBase" name="@AfterMethod reportWrapUp" time="0.0">
    <failure type="java.lang.NullPointerException" message="Cannot invoke &amp;quot;org.openqa.selenium.TakesScreenshot.getScreenshotAs(org.openqa.selenium.OutputType)&amp;quot; because &amp;quot;this.driver&amp;quot; is null">
      <![CDATA[java.lang.NullPointerException: Cannot invoke "org.openqa.selenium.TakesScreenshot.getScreenshotAs(org.openqa.selenium.OutputType)" because "this.driver" is null
at utils.WebTestBase.reportWrapUp(WebTestBase.java:70)
at java.base/java.util.ArrayList.forEach(ArrayList.java:1511)
... Removed 32 stack frames]]>
    </failure>
  </testcase> <!-- @AfterMethod reportWrapUp -->
  <testcase classname="utils.WebTestBase" name="@BeforeMethod beforeMethod" time="-1.667476176594E9">
    <skipped/>
  </testcase> <!-- @BeforeMethod beforeMethod -->
  <testcase classname="utils.WebTestBase" name="@AfterMethod reportWrapUp" time="0.001">
    <failure type="java.lang.NullPointerException" message="Cannot invoke &amp;quot;org.openqa.selenium.TakesScreenshot.getScreenshotAs(org.openqa.selenium.OutputType)&amp;quot; because &amp;quot;this.driver&amp;quot; is null">
      <![CDATA[java.lang.NullPointerException: Cannot invoke "org.openqa.selenium.TakesScreenshot.getScreenshotAs(org.openqa.selenium.OutputType)" because "this.driver" is null
at utils.WebTestBase.reportWrapUp(WebTestBase.java:70)
at java.base/java.util.ArrayList.forEach(ArrayList.java:1511)
... Removed 32 stack frames]]>
    </failure>
  </testcase> <!-- @AfterMethod reportWrapUp -->
  <testcase classname="utils.WebTestBase" name="@BeforeMethod beforeMethod" time="-1.667476176609E9">
    <skipped/>
  </testcase> <!-- @BeforeMethod beforeMethod -->
  <testcase classname="utils.WebTestBase" name="@AfterMethod reportWrapUp" time="0.001">
    <failure type="java.lang.NullPointerException" message="Cannot invoke &amp;quot;org.openqa.selenium.TakesScreenshot.getScreenshotAs(org.openqa.selenium.OutputType)&amp;quot; because &amp;quot;this.driver&amp;quot; is null">
      <![CDATA[java.lang.NullPointerException: Cannot invoke "org.openqa.selenium.TakesScreenshot.getScreenshotAs(org.openqa.selenium.OutputType)" because "this.driver" is null
at utils.WebTestBase.reportWrapUp(WebTestBase.java:70)
at java.base/java.util.ArrayList.forEach(ArrayList.java:1511)
... Removed 32 stack frames]]>
    </failure>
  </testcase> <!-- @AfterMethod reportWrapUp -->
  <testcase classname="utils.WebTestBase" name="@BeforeMethod beforeMethod" time="-1.667476176628E9">
    <skipped/>
  </testcase> <!-- @BeforeMethod beforeMethod -->
  <testcase classname="utils.WebTestBase" name="@AfterMethod reportWrapUp" time="0.002">
    <failure type="java.lang.NullPointerException" message="Cannot invoke &amp;quot;org.openqa.selenium.TakesScreenshot.getScreenshotAs(org.openqa.selenium.OutputType)&amp;quot; because &amp;quot;this.driver&amp;quot; is null">
      <![CDATA[java.lang.NullPointerException: Cannot invoke "org.openqa.selenium.TakesScreenshot.getScreenshotAs(org.openqa.selenium.OutputType)" because "this.driver" is null
at utils.WebTestBase.reportWrapUp(WebTestBase.java:70)
at java.base/java.util.ArrayList.forEach(ArrayList.java:1511)
... Removed 32 stack frames]]>
    </failure>
  </testcase> <!-- @AfterMethod reportWrapUp -->
  <testcase classname="utils.WebTestBase" name="@BeforeMethod beforeMethod" time="-1.667476176645E9">
    <skipped/>
  </testcase> <!-- @BeforeMethod beforeMethod -->
  <testcase classname="utils.WebTestBase" name="@AfterMethod reportWrapUp" time="0.006">
    <failure type="java.lang.NullPointerException" message="Cannot invoke &amp;quot;org.openqa.selenium.TakesScreenshot.getScreenshotAs(org.openqa.selenium.OutputType)&amp;quot; because &amp;quot;this.driver&amp;quot; is null">
      <![CDATA[java.lang.NullPointerException: Cannot invoke "org.openqa.selenium.TakesScreenshot.getScreenshotAs(org.openqa.selenium.OutputType)" because "this.driver" is null
at utils.WebTestBase.reportWrapUp(WebTestBase.java:70)
at java.base/java.util.ArrayList.forEach(ArrayList.java:1511)
... Removed 32 stack frames]]>
    </failure>
  </testcase> <!-- @AfterMethod reportWrapUp -->
  <testcase classname="utils.WebTestBase" name="@BeforeMethod beforeMethod" time="-1.667476176672E9">
    <skipped/>
  </testcase> <!-- @BeforeMethod beforeMethod -->
  <testcase classname="utils.WebTestBase" name="@AfterMethod reportWrapUp" time="0.001">
    <failure type="java.lang.NullPointerException" message="Cannot invoke &amp;quot;org.openqa.selenium.TakesScreenshot.getScreenshotAs(org.openqa.selenium.OutputType)&amp;quot; because &amp;quot;this.driver&amp;quot; is null">
      <![CDATA[java.lang.NullPointerException: Cannot invoke "org.openqa.selenium.TakesScreenshot.getScreenshotAs(org.openqa.selenium.OutputType)" because "this.driver" is null
at utils.WebTestBase.reportWrapUp(WebTestBase.java:70)
at java.base/java.util.ArrayList.forEach(ArrayList.java:1511)
... Removed 32 stack frames]]>
    </failure>
  </testcase> <!-- @AfterMethod reportWrapUp -->
  <testcase classname="utils.WebTestBase" name="@BeforeMethod beforeMethod" time="-1.667476176686E9">
    <skipped/>
  </testcase> <!-- @BeforeMethod beforeMethod -->
  <testcase classname="utils.WebTestBase" name="@AfterMethod reportWrapUp" time="0.002">
    <failure type="java.lang.NullPointerException" message="Cannot invoke &amp;quot;org.openqa.selenium.TakesScreenshot.getScreenshotAs(org.openqa.selenium.OutputType)&amp;quot; because &amp;quot;this.driver&amp;quot; is null">
      <![CDATA[java.lang.NullPointerException: Cannot invoke "org.openqa.selenium.TakesScreenshot.getScreenshotAs(org.openqa.selenium.OutputType)" because "this.driver" is null
at utils.WebTestBase.reportWrapUp(WebTestBase.java:70)
at java.base/java.util.ArrayList.forEach(ArrayList.java:1511)
... Removed 32 stack frames]]>
    </failure>
  </testcase> <!-- @AfterMethod reportWrapUp -->
  <testcase classname="utils.WebTestBase" name="@BeforeMethod beforeMethod" time="-1.667476176695E9">
    <skipped/>
  </testcase> <!-- @BeforeMethod beforeMethod -->
  <testcase classname="utils.WebTestBase" name="@AfterMethod reportWrapUp" time="0.001">
    <failure type="java.lang.NullPointerException" message="Cannot invoke &amp;quot;org.openqa.selenium.TakesScreenshot.getScreenshotAs(org.openqa.selenium.OutputType)&amp;quot; because &amp;quot;this.driver&amp;quot; is null">
      <![CDATA[java.lang.NullPointerException: Cannot invoke "org.openqa.selenium.TakesScreenshot.getScreenshotAs(org.openqa.selenium.OutputType)" because "this.driver" is null
at utils.WebTestBase.reportWrapUp(WebTestBase.java:70)
at java.base/java.util.ArrayList.forEach(ArrayList.java:1511)
... Removed 32 stack frames]]>
    </failure>
  </testcase> <!-- @AfterMethod reportWrapUp -->
  <testcase classname="utils.WebTestBase" name="@BeforeMethod beforeMethod" time="-1.667476176711E9">
    <skipped/>
  </testcase> <!-- @BeforeMethod beforeMethod -->
  <testcase classname="utils.WebTestBase" name="@AfterMethod reportWrapUp" time="0.002">
    <failure type="java.lang.NullPointerException" message="Cannot invoke &amp;quot;org.openqa.selenium.TakesScreenshot.getScreenshotAs(org.openqa.selenium.OutputType)&amp;quot; because &amp;quot;this.driver&amp;quot; is null">
      <![CDATA[java.lang.NullPointerException: Cannot invoke "org.openqa.selenium.TakesScreenshot.getScreenshotAs(org.openqa.selenium.OutputType)" because "this.driver" is null
at utils.WebTestBase.reportWrapUp(WebTestBase.java:70)
at java.base/java.util.ArrayList.forEach(ArrayList.java:1511)
... Removed 32 stack frames]]>
    </failure>
  </testcase> <!-- @AfterMethod reportWrapUp -->
  <testcase classname="utils.WebTestBase" name="@BeforeMethod beforeMethod" time="-1.667476176726E9">
    <skipped/>
  </testcase> <!-- @BeforeMethod beforeMethod -->
  <testcase classname="utils.WebTestBase" name="@AfterMethod reportWrapUp" time="0.001">
    <failure type="java.lang.NullPointerException" message="Cannot invoke &amp;quot;org.openqa.selenium.TakesScreenshot.getScreenshotAs(org.openqa.selenium.OutputType)&amp;quot; because &amp;quot;this.driver&amp;quot; is null">
      <![CDATA[java.lang.NullPointerException: Cannot invoke "org.openqa.selenium.TakesScreenshot.getScreenshotAs(org.openqa.selenium.OutputType)" because "this.driver" is null
at utils.WebTestBase.reportWrapUp(WebTestBase.java:70)
at java.base/java.util.ArrayList.forEach(ArrayList.java:1511)
... Removed 32 stack frames]]>
    </failure>
  </testcase> <!-- @AfterMethod reportWrapUp -->
  <testcase classname="utils.WebTestBase" name="@BeforeMethod beforeMethod" time="-1.667476176737E9">
    <skipped/>
  </testcase> <!-- @BeforeMethod beforeMethod -->
  <testcase classname="utils.WebTestBase" name="@AfterMethod reportWrapUp" time="0.001">
    <failure type="java.lang.NullPointerException" message="Cannot invoke &amp;quot;org.openqa.selenium.TakesScreenshot.getScreenshotAs(org.openqa.selenium.OutputType)&amp;quot; because &amp;quot;this.driver&amp;quot; is null">
      <![CDATA[java.lang.NullPointerException: Cannot invoke "org.openqa.selenium.TakesScreenshot.getScreenshotAs(org.openqa.selenium.OutputType)" because "this.driver" is null
at utils.WebTestBase.reportWrapUp(WebTestBase.java:70)
at java.base/java.util.ArrayList.forEach(ArrayList.java:1511)
... Removed 31 stack frames]]>
    </failure>
  </testcase> <!-- @AfterMethod reportWrapUp -->
  <testcase classname="utils.WebTestBase" name="@BeforeMethod beforeMethod" time="-1.667476176744E9">
    <skipped/>
  </testcase> <!-- @BeforeMethod beforeMethod -->
  <testcase classname="utils.WebTestBase" name="@AfterMethod reportWrapUp" time="0.001">
    <failure type="java.lang.NullPointerException" message="Cannot invoke &amp;quot;org.openqa.selenium.TakesScreenshot.getScreenshotAs(org.openqa.selenium.OutputType)&amp;quot; because &amp;quot;this.driver&amp;quot; is null">
      <![CDATA[java.lang.NullPointerException: Cannot invoke "org.openqa.selenium.TakesScreenshot.getScreenshotAs(org.openqa.selenium.OutputType)" because "this.driver" is null
at utils.WebTestBase.reportWrapUp(WebTestBase.java:70)
at java.base/java.util.ArrayList.forEach(ArrayList.java:1511)
... Removed 31 stack frames]]>
    </failure>
  </testcase> <!-- @AfterMethod reportWrapUp -->
  <testcase classname="utils.WebTestBase" name="@BeforeMethod beforeMethod" time="-1.667476176752E9">
    <skipped/>
  </testcase> <!-- @BeforeMethod beforeMethod -->
  <testcase classname="utils.WebTestBase" name="@AfterMethod reportWrapUp" time="0.001">
    <failure type="java.lang.NullPointerException" message="Cannot invoke &amp;quot;org.openqa.selenium.TakesScreenshot.getScreenshotAs(org.openqa.selenium.OutputType)&amp;quot; because &amp;quot;this.driver&amp;quot; is null">
      <![CDATA[java.lang.NullPointerException: Cannot invoke "org.openqa.selenium.TakesScreenshot.getScreenshotAs(org.openqa.selenium.OutputType)" because "this.driver" is null
at utils.WebTestBase.reportWrapUp(WebTestBase.java:70)
at java.base/java.util.ArrayList.forEach(ArrayList.java:1511)
... Removed 31 stack frames]]>
    </failure>
  </testcase> <!-- @AfterMethod reportWrapUp -->
  <testcase classname="utils.WebTestBase" name="@BeforeMethod beforeMethod" time="-1.667476176758E9">
    <skipped/>
  </testcase> <!-- @BeforeMethod beforeMethod -->
  <testcase classname="utils.WebTestBase" name="@AfterMethod reportWrapUp" time="0.001">
    <failure type="java.lang.NullPointerException" message="Cannot invoke &amp;quot;org.openqa.selenium.TakesScreenshot.getScreenshotAs(org.openqa.selenium.OutputType)&amp;quot; because &amp;quot;this.driver&amp;quot; is null">
      <![CDATA[java.lang.NullPointerException: Cannot invoke "org.openqa.selenium.TakesScreenshot.getScreenshotAs(org.openqa.selenium.OutputType)" because "this.driver" is null
at utils.WebTestBase.reportWrapUp(WebTestBase.java:70)
at java.base/java.util.ArrayList.forEach(ArrayList.java:1511)
... Removed 31 stack frames]]>
    </failure>
  </testcase> <!-- @AfterMethod reportWrapUp -->
  <testcase classname="utils.WebTestBase" name="@BeforeMethod beforeMethod" time="-1.667476176766E9">
    <skipped/>
  </testcase> <!-- @BeforeMethod beforeMethod -->
  <testcase classname="utils.WebTestBase" name="@AfterMethod reportWrapUp" time="0.002">
    <failure type="java.lang.NullPointerException" message="Cannot invoke &amp;quot;org.openqa.selenium.TakesScreenshot.getScreenshotAs(org.openqa.selenium.OutputType)&amp;quot; because &amp;quot;this.driver&amp;quot; is null">
      <![CDATA[java.lang.NullPointerException: Cannot invoke "org.openqa.selenium.TakesScreenshot.getScreenshotAs(org.openqa.selenium.OutputType)" because "this.driver" is null
at utils.WebTestBase.reportWrapUp(WebTestBase.java:70)
at java.base/java.util.ArrayList.forEach(ArrayList.java:1511)
... Removed 31 stack frames]]>
    </failure>
  </testcase> <!-- @AfterMethod reportWrapUp -->
  <testcase classname="utils.WebTestBase" name="@BeforeMethod beforeMethod" time="-1.667476176777E9">
    <skipped/>
  </testcase> <!-- @BeforeMethod beforeMethod -->
  <testcase classname="utils.WebTestBase" name="@AfterMethod reportWrapUp" time="0.001">
    <failure type="java.lang.NullPointerException" message="Cannot invoke &amp;quot;org.openqa.selenium.TakesScreenshot.getScreenshotAs(org.openqa.selenium.OutputType)&amp;quot; because &amp;quot;this.driver&amp;quot; is null">
      <![CDATA[java.lang.NullPointerException: Cannot invoke "org.openqa.selenium.TakesScreenshot.getScreenshotAs(org.openqa.selenium.OutputType)" because "this.driver" is null
at utils.WebTestBase.reportWrapUp(WebTestBase.java:70)
at java.base/java.util.ArrayList.forEach(ArrayList.java:1511)
... Removed 31 stack frames]]>
    </failure>
  </testcase> <!-- @AfterMethod reportWrapUp -->
  <testcase classname="utils.WebTestBase" name="@BeforeMethod beforeMethod" time="-1.667476176783E9">
    <skipped/>
  </testcase> <!-- @BeforeMethod beforeMethod -->
  <testcase classname="utils.WebTestBase" name="@AfterMethod reportWrapUp" time="0.0">
    <failure type="java.lang.NullPointerException" message="Cannot invoke &amp;quot;org.openqa.selenium.TakesScreenshot.getScreenshotAs(org.openqa.selenium.OutputType)&amp;quot; because &amp;quot;this.driver&amp;quot; is null">
      <![CDATA[java.lang.NullPointerException: Cannot invoke "org.openqa.selenium.TakesScreenshot.getScreenshotAs(org.openqa.selenium.OutputType)" because "this.driver" is null
at utils.WebTestBase.reportWrapUp(WebTestBase.java:70)
at java.base/java.util.ArrayList.forEach(ArrayList.java:1511)
... Removed 31 stack frames]]>
    </failure>
  </testcase> <!-- @AfterMethod reportWrapUp -->
  <testcase classname="utils.WebTestBase" name="@BeforeMethod beforeMethod" time="-1.667476176789E9">
    <skipped/>
  </testcase> <!-- @BeforeMethod beforeMethod -->
  <testcase classname="utils.WebTestBase" name="@AfterMethod reportWrapUp" time="0.001">
    <failure type="java.lang.NullPointerException" message="Cannot invoke &amp;quot;org.openqa.selenium.TakesScreenshot.getScreenshotAs(org.openqa.selenium.OutputType)&amp;quot; because &amp;quot;this.driver&amp;quot; is null">
      <![CDATA[java.lang.NullPointerException: Cannot invoke "org.openqa.selenium.TakesScreenshot.getScreenshotAs(org.openqa.selenium.OutputType)" because "this.driver" is null
at utils.WebTestBase.reportWrapUp(WebTestBase.java:70)
at java.base/java.util.ArrayList.forEach(ArrayList.java:1511)
... Removed 31 stack frames]]>
    </failure>
  </testcase> <!-- @AfterMethod reportWrapUp -->
  <testcase classname="utils.WebTestBase" name="@BeforeMethod beforeMethod" time="-1.6674761768E9">
    <skipped/>
  </testcase> <!-- @BeforeMethod beforeMethod -->
  <testcase classname="utils.WebTestBase" name="@AfterMethod reportWrapUp" time="0.001">
    <failure type="java.lang.NullPointerException" message="Cannot invoke &amp;quot;org.openqa.selenium.TakesScreenshot.getScreenshotAs(org.openqa.selenium.OutputType)&amp;quot; because &amp;quot;this.driver&amp;quot; is null">
      <![CDATA[java.lang.NullPointerException: Cannot invoke "org.openqa.selenium.TakesScreenshot.getScreenshotAs(org.openqa.selenium.OutputType)" because "this.driver" is null
at utils.WebTestBase.reportWrapUp(WebTestBase.java:70)
at java.base/java.util.ArrayList.forEach(ArrayList.java:1511)
... Removed 31 stack frames]]>
    </failure>
  </testcase> <!-- @AfterMethod reportWrapUp -->
  <testcase classname="utils.WebTestBase" name="@BeforeMethod beforeMethod" time="-1.66747617681E9">
    <skipped/>
  </testcase> <!-- @BeforeMethod beforeMethod -->
  <testcase classname="utils.WebTestBase" name="@AfterMethod reportWrapUp" time="0.0">
    <failure type="java.lang.NullPointerException" message="Cannot invoke &amp;quot;org.openqa.selenium.TakesScreenshot.getScreenshotAs(org.openqa.selenium.OutputType)&amp;quot; because &amp;quot;this.driver&amp;quot; is null">
      <![CDATA[java.lang.NullPointerException: Cannot invoke "org.openqa.selenium.TakesScreenshot.getScreenshotAs(org.openqa.selenium.OutputType)" because "this.driver" is null
at utils.WebTestBase.reportWrapUp(WebTestBase.java:70)
at java.base/java.util.ArrayList.forEach(ArrayList.java:1511)
... Removed 31 stack frames]]>
    </failure>
  </testcase> <!-- @AfterMethod reportWrapUp -->
  <testcase classname="utils.WebTestBase" name="@BeforeMethod beforeMethod" time="-1.667476176819E9">
    <skipped/>
  </testcase> <!-- @BeforeMethod beforeMethod -->
  <testcase classname="utils.WebTestBase" name="@AfterMethod reportWrapUp" time="0.0">
    <failure type="java.lang.NullPointerException" message="Cannot invoke &amp;quot;org.openqa.selenium.TakesScreenshot.getScreenshotAs(org.openqa.selenium.OutputType)&amp;quot; because &amp;quot;this.driver&amp;quot; is null">
      <![CDATA[java.lang.NullPointerException: Cannot invoke "org.openqa.selenium.TakesScreenshot.getScreenshotAs(org.openqa.selenium.OutputType)" because "this.driver" is null
at utils.WebTestBase.reportWrapUp(WebTestBase.java:70)
at java.base/java.util.ArrayList.forEach(ArrayList.java:1511)
... Removed 31 stack frames]]>
    </failure>
  </testcase> <!-- @AfterMethod reportWrapUp -->
  <testcase classname="utils.WebTestBase" name="@BeforeMethod beforeMethod" time="-1.667476176828E9">
    <skipped/>
  </testcase> <!-- @BeforeMethod beforeMethod -->
  <testcase classname="utils.WebTestBase" name="@AfterMethod reportWrapUp" time="0.0">
    <failure type="java.lang.NullPointerException" message="Cannot invoke &amp;quot;org.openqa.selenium.TakesScreenshot.getScreenshotAs(org.openqa.selenium.OutputType)&amp;quot; because &amp;quot;this.driver&amp;quot; is null">
      <![CDATA[java.lang.NullPointerException: Cannot invoke "org.openqa.selenium.TakesScreenshot.getScreenshotAs(org.openqa.selenium.OutputType)" because "this.driver" is null
at utils.WebTestBase.reportWrapUp(WebTestBase.java:70)
at java.base/java.util.ArrayList.forEach(ArrayList.java:1511)
... Removed 31 stack frames]]>
    </failure>
  </testcase> <!-- @AfterMethod reportWrapUp -->
  <testcase classname="utils.WebTestBase" name="@BeforeMethod beforeMethod" time="-1.66747617684E9">
    <skipped/>
  </testcase> <!-- @BeforeMethod beforeMethod -->
  <testcase classname="utils.WebTestBase" name="@AfterMethod reportWrapUp" time="0.0">
    <failure type="java.lang.NullPointerException" message="Cannot invoke &amp;quot;org.openqa.selenium.TakesScreenshot.getScreenshotAs(org.openqa.selenium.OutputType)&amp;quot; because &amp;quot;this.driver&amp;quot; is null">
      <![CDATA[java.lang.NullPointerException: Cannot invoke "org.openqa.selenium.TakesScreenshot.getScreenshotAs(org.openqa.selenium.OutputType)" because "this.driver" is null
at utils.WebTestBase.reportWrapUp(WebTestBase.java:70)
at java.base/java.util.ArrayList.forEach(ArrayList.java:1511)
... Removed 31 stack frames]]>
    </failure>
  </testcase> <!-- @AfterMethod reportWrapUp -->
  <testcase classname="utils.WebTestBase" name="@BeforeMethod beforeMethod" time="-1.667476176845E9">
    <skipped/>
  </testcase> <!-- @BeforeMethod beforeMethod -->
  <testcase classname="utils.WebTestBase" name="@AfterMethod reportWrapUp" time="0.002">
    <failure type="java.lang.NullPointerException" message="Cannot invoke &amp;quot;org.openqa.selenium.TakesScreenshot.getScreenshotAs(org.openqa.selenium.OutputType)&amp;quot; because &amp;quot;this.driver&amp;quot; is null">
      <![CDATA[java.lang.NullPointerException: Cannot invoke "org.openqa.selenium.TakesScreenshot.getScreenshotAs(org.openqa.selenium.OutputType)" because "this.driver" is null
at utils.WebTestBase.reportWrapUp(WebTestBase.java:70)
at java.base/java.util.ArrayList.forEach(ArrayList.java:1511)
... Removed 31 stack frames]]>
    </failure>
  </testcase> <!-- @AfterMethod reportWrapUp -->
  <testcase classname="utils.WebTestBase" name="@BeforeMethod beforeMethod" time="-1.667476176858E9">
    <skipped/>
  </testcase> <!-- @BeforeMethod beforeMethod -->
  <testcase classname="utils.WebTestBase" name="@AfterMethod reportWrapUp" time="0.0">
    <failure type="java.lang.NullPointerException" message="Cannot invoke &amp;quot;org.openqa.selenium.TakesScreenshot.getScreenshotAs(org.openqa.selenium.OutputType)&amp;quot; because &amp;quot;this.driver&amp;quot; is null">
      <![CDATA[java.lang.NullPointerException: Cannot invoke "org.openqa.selenium.TakesScreenshot.getScreenshotAs(org.openqa.selenium.OutputType)" because "this.driver" is null
at utils.WebTestBase.reportWrapUp(WebTestBase.java:70)
at java.base/java.util.ArrayList.forEach(ArrayList.java:1511)
... Removed 31 stack frames]]>
    </failure>
  </testcase> <!-- @AfterMethod reportWrapUp -->
  <testcase classname="utils.WebTestBase" name="@BeforeMethod beforeMethod" time="-1.66747617687E9">
    <skipped/>
  </testcase> <!-- @BeforeMethod beforeMethod -->
  <testcase classname="utils.WebTestBase" name="@AfterMethod reportWrapUp" time="0.002">
    <failure type="java.lang.NullPointerException" message="Cannot invoke &amp;quot;org.openqa.selenium.TakesScreenshot.getScreenshotAs(org.openqa.selenium.OutputType)&amp;quot; because &amp;quot;this.driver&amp;quot; is null">
      <![CDATA[java.lang.NullPointerException: Cannot invoke "org.openqa.selenium.TakesScreenshot.getScreenshotAs(org.openqa.selenium.OutputType)" because "this.driver" is null
at utils.WebTestBase.reportWrapUp(WebTestBase.java:70)
at java.base/java.util.ArrayList.forEach(ArrayList.java:1511)
... Removed 31 stack frames]]>
    </failure>
  </testcase> <!-- @AfterMethod reportWrapUp -->
  <testcase classname="utils.WebTestBase" name="@BeforeMethod beforeMethod" time="-1.667476176877E9">
    <skipped/>
  </testcase> <!-- @BeforeMethod beforeMethod -->
  <testcase classname="utils.WebTestBase" name="@AfterMethod reportWrapUp" time="0.001">
    <failure type="java.lang.NullPointerException" message="Cannot invoke &amp;quot;org.openqa.selenium.TakesScreenshot.getScreenshotAs(org.openqa.selenium.OutputType)&amp;quot; because &amp;quot;this.driver&amp;quot; is null">
      <![CDATA[java.lang.NullPointerException: Cannot invoke "org.openqa.selenium.TakesScreenshot.getScreenshotAs(org.openqa.selenium.OutputType)" because "this.driver" is null
at utils.WebTestBase.reportWrapUp(WebTestBase.java:70)
at java.base/java.util.ArrayList.forEach(ArrayList.java:1511)
... Removed 31 stack frames]]>
    </failure>
  </testcase> <!-- @AfterMethod reportWrapUp -->
  <testcase classname="utils.WebTestBase" name="@BeforeMethod beforeMethod" time="-1.667476176882E9">
    <skipped/>
  </testcase> <!-- @BeforeMethod beforeMethod -->
  <testcase classname="utils.WebTestBase" name="@AfterMethod reportWrapUp" time="0.001">
    <failure type="java.lang.NullPointerException" message="Cannot invoke &amp;quot;org.openqa.selenium.TakesScreenshot.getScreenshotAs(org.openqa.selenium.OutputType)&amp;quot; because &amp;quot;this.driver&amp;quot; is null">
      <![CDATA[java.lang.NullPointerException: Cannot invoke "org.openqa.selenium.TakesScreenshot.getScreenshotAs(org.openqa.selenium.OutputType)" because "this.driver" is null
at utils.WebTestBase.reportWrapUp(WebTestBase.java:70)
at java.base/java.util.ArrayList.forEach(ArrayList.java:1511)
... Removed 31 stack frames]]>
    </failure>
  </testcase> <!-- @AfterMethod reportWrapUp -->
  <testcase classname="utils.WebTestBase" name="@BeforeMethod beforeMethod" time="-1.667476176886E9">
    <skipped/>
  </testcase> <!-- @BeforeMethod beforeMethod -->
  <testcase classname="utils.WebTestBase" name="@AfterMethod reportWrapUp" time="0.0">
    <failure type="java.lang.NullPointerException" message="Cannot invoke &amp;quot;org.openqa.selenium.TakesScreenshot.getScreenshotAs(org.openqa.selenium.OutputType)&amp;quot; because &amp;quot;this.driver&amp;quot; is null">
      <![CDATA[java.lang.NullPointerException: Cannot invoke "org.openqa.selenium.TakesScreenshot.getScreenshotAs(org.openqa.selenium.OutputType)" because "this.driver" is null
at utils.WebTestBase.reportWrapUp(WebTestBase.java:70)
at java.base/java.util.ArrayList.forEach(ArrayList.java:1511)
... Removed 31 stack frames]]>
    </failure>
  </testcase> <!-- @AfterMethod reportWrapUp -->
  <testcase classname="utils.WebTestBase" name="@BeforeMethod beforeMethod" time="-1.667476176891E9">
    <skipped/>
  </testcase> <!-- @BeforeMethod beforeMethod -->
  <testcase classname="utils.WebTestBase" name="@AfterMethod reportWrapUp" time="0.0">
    <failure type="java.lang.NullPointerException" message="Cannot invoke &amp;quot;org.openqa.selenium.TakesScreenshot.getScreenshotAs(org.openqa.selenium.OutputType)&amp;quot; because &amp;quot;this.driver&amp;quot; is null">
      <![CDATA[java.lang.NullPointerException: Cannot invoke "org.openqa.selenium.TakesScreenshot.getScreenshotAs(org.openqa.selenium.OutputType)" because "this.driver" is null
at utils.WebTestBase.reportWrapUp(WebTestBase.java:70)
at java.base/java.util.ArrayList.forEach(ArrayList.java:1511)
... Removed 31 stack frames]]>
    </failure>
  </testcase> <!-- @AfterMethod reportWrapUp -->
  <testcase classname="utils.WebTestBase" name="@BeforeMethod beforeMethod" time="-1.667476176896E9">
    <skipped/>
  </testcase> <!-- @BeforeMethod beforeMethod -->
  <testcase classname="utils.WebTestBase" name="@AfterMethod reportWrapUp" time="0.001">
    <failure type="java.lang.NullPointerException" message="Cannot invoke &amp;quot;org.openqa.selenium.TakesScreenshot.getScreenshotAs(org.openqa.selenium.OutputType)&amp;quot; because &amp;quot;this.driver&amp;quot; is null">
      <![CDATA[java.lang.NullPointerException: Cannot invoke "org.openqa.selenium.TakesScreenshot.getScreenshotAs(org.openqa.selenium.OutputType)" because "this.driver" is null
at utils.WebTestBase.reportWrapUp(WebTestBase.java:70)
at java.base/java.util.ArrayList.forEach(ArrayList.java:1511)
... Removed 31 stack frames]]>
    </failure>
  </testcase> <!-- @AfterMethod reportWrapUp -->
  <testcase classname="utils.WebTestBase" name="@BeforeMethod beforeMethod" time="-1.667476176905E9">
    <skipped/>
  </testcase> <!-- @BeforeMethod beforeMethod -->
  <testcase classname="utils.WebTestBase" name="@AfterMethod reportWrapUp" time="0.001">
    <failure type="java.lang.NullPointerException" message="Cannot invoke &amp;quot;org.openqa.selenium.TakesScreenshot.getScreenshotAs(org.openqa.selenium.OutputType)&amp;quot; because &amp;quot;this.driver&amp;quot; is null">
      <![CDATA[java.lang.NullPointerException: Cannot invoke "org.openqa.selenium.TakesScreenshot.getScreenshotAs(org.openqa.selenium.OutputType)" because "this.driver" is null
at utils.WebTestBase.reportWrapUp(WebTestBase.java:70)
at java.base/java.util.ArrayList.forEach(ArrayList.java:1511)
... Removed 31 stack frames]]>
    </failure>
  </testcase> <!-- @AfterMethod reportWrapUp -->
  <testcase classname="utils.WebTestBase" name="@BeforeMethod beforeMethod" time="-1.667476176916E9">
    <skipped/>
  </testcase> <!-- @BeforeMethod beforeMethod -->
  <testcase classname="utils.WebTestBase" name="@AfterMethod reportWrapUp" time="0.004">
    <failure type="java.lang.NullPointerException" message="Cannot invoke &amp;quot;org.openqa.selenium.TakesScreenshot.getScreenshotAs(org.openqa.selenium.OutputType)&amp;quot; because &amp;quot;this.driver&amp;quot; is null">
      <![CDATA[java.lang.NullPointerException: Cannot invoke "org.openqa.selenium.TakesScreenshot.getScreenshotAs(org.openqa.selenium.OutputType)" because "this.driver" is null
at utils.WebTestBase.reportWrapUp(WebTestBase.java:70)
at java.base/java.util.ArrayList.forEach(ArrayList.java:1511)
... Removed 31 stack frames]]>
    </failure>
  </testcase> <!-- @AfterMethod reportWrapUp -->
  <testcase classname="utils.WebTestBase" name="@AfterClass closeBrowser" time="0.001">
    <failure type="java.lang.NullPointerException" message="Cannot invoke &amp;quot;org.openqa.selenium.WebDriver.quit()&amp;quot; because &amp;quot;this.driver&amp;quot; is null">
      <![CDATA[java.lang.NullPointerException: Cannot invoke "org.openqa.selenium.WebDriver.quit()" because "this.driver" is null
at utils.WebTestBase.closeBrowser(WebTestBase.java:86)
at java.base/java.util.ArrayList.forEach(ArrayList.java:1511)
... Removed 25 stack frames]]>
    </failure>
  </testcase> <!-- @AfterClass closeBrowser -->
  <testcase classname="utils.WebTestBase" name="@BeforeClass setUp" time="0.023">
    <failure type="java.lang.IllegalStateException" message="The driver executable does not exist: C:\Users\aanand\git\TalygenTimeTracking\TalygenTimeTracking\chromedriver.exe">
      <![CDATA[java.lang.IllegalStateException: The driver executable does not exist: C:\Users\aanand\git\TalygenTimeTracking\TalygenTimeTracking\chromedriver.exe
at com.google.common.base.Preconditions.checkState(Preconditions.java:585)
at org.openqa.selenium.remote.service.DriverService.checkExecutable(DriverService.java:146)
at org.openqa.selenium.remote.service.DriverService.findExecutable(DriverService.java:141)
at org.openqa.selenium.chrome.ChromeDriverService.access$000(ChromeDriverService.java:35)
at org.openqa.selenium.chrome.ChromeDriverService$Builder.findDefaultExecutable(ChromeDriverService.java:159)
at org.openqa.selenium.remote.service.DriverService$Builder.build(DriverService.java:355)
at org.openqa.selenium.chrome.ChromeDriverService.createDefaultService(ChromeDriverService.java:94)
at org.openqa.selenium.chrome.ChromeDriver.<init>(ChromeDriver.java:157)
at utils.Drivers.getWebDriver(Drivers.java:59)
at utils.WebTestBase.setUp(WebTestBase.java:51)
at java.base/java.util.ArrayList.forEach(ArrayList.java:1511)
... Removed 25 stack frames]]>
    </failure>
  </testcase> <!-- @BeforeClass setUp -->
  <testcase classname="utils.WebTestBase" name="@BeforeMethod beforeMethod" time="-1.667476176961E9">
    <skipped/>
  </testcase> <!-- @BeforeMethod beforeMethod -->
  <testcase classname="utils.WebTestBase" name="@AfterMethod reportWrapUp" time="0.02">
    <failure type="java.lang.NullPointerException" message="Cannot invoke &amp;quot;org.openqa.selenium.TakesScreenshot.getScreenshotAs(org.openqa.selenium.OutputType)&amp;quot; because &amp;quot;this.driver&amp;quot; is null">
      <![CDATA[java.lang.NullPointerException: Cannot invoke "org.openqa.selenium.TakesScreenshot.getScreenshotAs(org.openqa.selenium.OutputType)" because "this.driver" is null
at utils.WebTestBase.reportWrapUp(WebTestBase.java:70)
at java.base/java.util.ArrayList.forEach(ArrayList.java:1511)
... Removed 31 stack frames]]>
    </failure>
  </testcase> <!-- @AfterMethod reportWrapUp -->
  <testcase classname="utils.WebTestBase" name="@BeforeMethod beforeMethod" time="-1.667476177002E9">
    <skipped/>
  </testcase> <!-- @BeforeMethod beforeMethod -->
  <testcase classname="utils.WebTestBase" name="@AfterMethod reportWrapUp" time="0.003">
    <failure type="java.lang.NullPointerException" message="Cannot invoke &amp;quot;org.openqa.selenium.TakesScreenshot.getScreenshotAs(org.openqa.selenium.OutputType)&amp;quot; because &amp;quot;this.driver&amp;quot; is null">
      <![CDATA[java.lang.NullPointerException: Cannot invoke "org.openqa.selenium.TakesScreenshot.getScreenshotAs(org.openqa.selenium.OutputType)" because "this.driver" is null
at utils.WebTestBase.reportWrapUp(WebTestBase.java:70)
at java.base/java.util.ArrayList.forEach(ArrayList.java:1511)
... Removed 31 stack frames]]>
    </failure>
  </testcase> <!-- @AfterMethod reportWrapUp -->
  <testcase classname="utils.WebTestBase" name="@BeforeMethod beforeMethod" time="-1.667476177026E9">
    <skipped/>
  </testcase> <!-- @BeforeMethod beforeMethod -->
  <testcase classname="utils.WebTestBase" name="@AfterMethod reportWrapUp" time="0.001">
    <failure type="java.lang.NullPointerException" message="Cannot invoke &amp;quot;org.openqa.selenium.TakesScreenshot.getScreenshotAs(org.openqa.selenium.OutputType)&amp;quot; because &amp;quot;this.driver&amp;quot; is null">
      <![CDATA[java.lang.NullPointerException: Cannot invoke "org.openqa.selenium.TakesScreenshot.getScreenshotAs(org.openqa.selenium.OutputType)" because "this.driver" is null
at utils.WebTestBase.reportWrapUp(WebTestBase.java:70)
at java.base/java.util.ArrayList.forEach(ArrayList.java:1511)
... Removed 31 stack frames]]>
    </failure>
  </testcase> <!-- @AfterMethod reportWrapUp -->
  <testcase classname="utils.WebTestBase" name="@AfterClass closeBrowser" time="0.0">
    <failure type="java.lang.NullPointerException" message="Cannot invoke &amp;quot;org.openqa.selenium.WebDriver.quit()&amp;quot; because &amp;quot;this.driver&amp;quot; is null">
      <![CDATA[java.lang.NullPointerException: Cannot invoke "org.openqa.selenium.WebDriver.quit()" because "this.driver" is null
at utils.WebTestBase.closeBrowser(WebTestBase.java:86)
at java.base/java.util.ArrayList.forEach(ArrayList.java:1511)
... Removed 25 stack frames]]>
    </failure>
  </testcase> <!-- @AfterClass closeBrowser -->
  <testcase classname="utils.WebTestBase" name="@BeforeClass setUp" time="0.007">
    <failure type="java.lang.IllegalStateException" message="The driver executable does not exist: C:\Users\aanand\git\TalygenTimeTracking\TalygenTimeTracking\chromedriver.exe">
      <![CDATA[java.lang.IllegalStateException: The driver executable does not exist: C:\Users\aanand\git\TalygenTimeTracking\TalygenTimeTracking\chromedriver.exe
at com.google.common.base.Preconditions.checkState(Preconditions.java:585)
at org.openqa.selenium.remote.service.DriverService.checkExecutable(DriverService.java:146)
at org.openqa.selenium.remote.service.DriverService.findExecutable(DriverService.java:141)
at org.openqa.selenium.chrome.ChromeDriverService.access$000(ChromeDriverService.java:35)
at org.openqa.selenium.chrome.ChromeDriverService$Builder.findDefaultExecutable(ChromeDriverService.java:159)
at org.openqa.selenium.remote.service.DriverService$Builder.build(DriverService.java:355)
at org.openqa.selenium.chrome.ChromeDriverService.createDefaultService(ChromeDriverService.java:94)
at org.openqa.selenium.chrome.ChromeDriver.<init>(ChromeDriver.java:157)
at utils.Drivers.getWebDriver(Drivers.java:59)
at utils.WebTestBase.setUp(WebTestBase.java:51)
at java.base/java.util.ArrayList.forEach(ArrayList.java:1511)
... Removed 25 stack frames]]>
    </failure>
  </testcase> <!-- @BeforeClass setUp -->
  <testcase classname="utils.WebTestBase" name="@BeforeMethod beforeMethod" time="-1.66747617706E9">
    <skipped/>
  </testcase> <!-- @BeforeMethod beforeMethod -->
  <testcase classname="utils.WebTestBase" name="@AfterMethod reportWrapUp" time="0.003">
    <failure type="java.lang.NullPointerException" message="Cannot invoke &amp;quot;org.openqa.selenium.TakesScreenshot.getScreenshotAs(org.openqa.selenium.OutputType)&amp;quot; because &amp;quot;this.driver&amp;quot; is null">
      <![CDATA[java.lang.NullPointerException: Cannot invoke "org.openqa.selenium.TakesScreenshot.getScreenshotAs(org.openqa.selenium.OutputType)" because "this.driver" is null
at utils.WebTestBase.reportWrapUp(WebTestBase.java:70)
at java.base/java.util.ArrayList.forEach(ArrayList.java:1511)
... Removed 31 stack frames]]>
    </failure>
  </testcase> <!-- @AfterMethod reportWrapUp -->
  <testcase classname="utils.WebTestBase" name="@BeforeMethod beforeMethod" time="-1.667476177071E9">
    <skipped/>
  </testcase> <!-- @BeforeMethod beforeMethod -->
  <testcase classname="utils.WebTestBase" name="@AfterMethod reportWrapUp" time="0.001">
    <failure type="java.lang.NullPointerException" message="Cannot invoke &amp;quot;org.openqa.selenium.TakesScreenshot.getScreenshotAs(org.openqa.selenium.OutputType)&amp;quot; because &amp;quot;this.driver&amp;quot; is null">
      <![CDATA[java.lang.NullPointerException: Cannot invoke "org.openqa.selenium.TakesScreenshot.getScreenshotAs(org.openqa.selenium.OutputType)" because "this.driver" is null
at utils.WebTestBase.reportWrapUp(WebTestBase.java:70)
at java.base/java.util.ArrayList.forEach(ArrayList.java:1511)
... Removed 31 stack frames]]>
    </failure>
  </testcase> <!-- @AfterMethod reportWrapUp -->
  <testcase classname="utils.WebTestBase" name="@BeforeMethod beforeMethod" time="-1.667476177083E9">
    <skipped/>
  </testcase> <!-- @BeforeMethod beforeMethod -->
  <testcase classname="utils.WebTestBase" name="@AfterMethod reportWrapUp" time="0.0">
    <failure type="java.lang.NullPointerException" message="Cannot invoke &amp;quot;org.openqa.selenium.TakesScreenshot.getScreenshotAs(org.openqa.selenium.OutputType)&amp;quot; because &amp;quot;this.driver&amp;quot; is null">
      <![CDATA[java.lang.NullPointerException: Cannot invoke "org.openqa.selenium.TakesScreenshot.getScreenshotAs(org.openqa.selenium.OutputType)" because "this.driver" is null
at utils.WebTestBase.reportWrapUp(WebTestBase.java:70)
at java.base/java.util.ArrayList.forEach(ArrayList.java:1511)
... Removed 31 stack frames]]>
    </failure>
  </testcase> <!-- @AfterMethod reportWrapUp -->
  <testcase classname="utils.WebTestBase" name="@BeforeMethod beforeMethod" time="-1.667476177089E9">
    <skipped/>
  </testcase> <!-- @BeforeMethod beforeMethod -->
  <testcase classname="utils.WebTestBase" name="@AfterMethod reportWrapUp" time="0.001">
    <failure type="java.lang.NullPointerException" message="Cannot invoke &amp;quot;org.openqa.selenium.TakesScreenshot.getScreenshotAs(org.openqa.selenium.OutputType)&amp;quot; because &amp;quot;this.driver&amp;quot; is null">
      <![CDATA[java.lang.NullPointerException: Cannot invoke "org.openqa.selenium.TakesScreenshot.getScreenshotAs(org.openqa.selenium.OutputType)" because "this.driver" is null
at utils.WebTestBase.reportWrapUp(WebTestBase.java:70)
at java.base/java.util.ArrayList.forEach(ArrayList.java:1511)
... Removed 31 stack frames]]>
    </failure>
  </testcase> <!-- @AfterMethod reportWrapUp -->
  <testcase classname="utils.WebTestBase" name="@BeforeMethod beforeMethod" time="-1.667476177113E9">
    <skipped/>
  </testcase> <!-- @BeforeMethod beforeMethod -->
  <testcase classname="utils.WebTestBase" name="@AfterMethod reportWrapUp" time="0.003">
    <failure type="java.lang.NullPointerException" message="Cannot invoke &amp;quot;org.openqa.selenium.TakesScreenshot.getScreenshotAs(org.openqa.selenium.OutputType)&amp;quot; because &amp;quot;this.driver&amp;quot; is null">
      <![CDATA[java.lang.NullPointerException: Cannot invoke "org.openqa.selenium.TakesScreenshot.getScreenshotAs(org.openqa.selenium.OutputType)" because "this.driver" is null
at utils.WebTestBase.reportWrapUp(WebTestBase.java:70)
at java.base/java.util.ArrayList.forEach(ArrayList.java:1511)
... Removed 31 stack frames]]>
    </failure>
  </testcase> <!-- @AfterMethod reportWrapUp -->
  <testcase classname="utils.WebTestBase" name="@AfterClass closeBrowser" time="0.0">
    <failure type="java.lang.NullPointerException" message="Cannot invoke &amp;quot;org.openqa.selenium.WebDriver.quit()&amp;quot; because &amp;quot;this.driver&amp;quot; is null">
      <![CDATA[java.lang.NullPointerException: Cannot invoke "org.openqa.selenium.WebDriver.quit()" because "this.driver" is null
at utils.WebTestBase.closeBrowser(WebTestBase.java:86)
at java.base/java.util.ArrayList.forEach(ArrayList.java:1511)
... Removed 25 stack frames]]>
    </failure>
  </testcase> <!-- @AfterClass closeBrowser -->
  <testcase classname="utils.WebTestBase" name="@BeforeClass setUp" time="0.008">
    <failure type="java.lang.IllegalStateException" message="The driver executable does not exist: C:\Users\aanand\git\TalygenTimeTracking\TalygenTimeTracking\chromedriver.exe">
      <![CDATA[java.lang.IllegalStateException: The driver executable does not exist: C:\Users\aanand\git\TalygenTimeTracking\TalygenTimeTracking\chromedriver.exe
at com.google.common.base.Preconditions.checkState(Preconditions.java:585)
at org.openqa.selenium.remote.service.DriverService.checkExecutable(DriverService.java:146)
at org.openqa.selenium.remote.service.DriverService.findExecutable(DriverService.java:141)
at org.openqa.selenium.chrome.ChromeDriverService.access$000(ChromeDriverService.java:35)
at org.openqa.selenium.chrome.ChromeDriverService$Builder.findDefaultExecutable(ChromeDriverService.java:159)
at org.openqa.selenium.remote.service.DriverService$Builder.build(DriverService.java:355)
at org.openqa.selenium.chrome.ChromeDriverService.createDefaultService(ChromeDriverService.java:94)
at org.openqa.selenium.chrome.ChromeDriver.<init>(ChromeDriver.java:157)
at utils.Drivers.getWebDriver(Drivers.java:59)
at utils.WebTestBase.setUp(WebTestBase.java:51)
at java.base/java.util.ArrayList.forEach(ArrayList.java:1511)
... Removed 25 stack frames]]>
    </failure>
  </testcase> <!-- @BeforeClass setUp -->
  <testcase classname="utils.WebTestBase" name="@BeforeMethod beforeMethod" time="-1.66747617717E9">
    <skipped/>
  </testcase> <!-- @BeforeMethod beforeMethod -->
  <testcase classname="utils.WebTestBase" name="@AfterMethod reportWrapUp" time="0.001">
    <failure type="java.lang.NullPointerException" message="Cannot invoke &amp;quot;org.openqa.selenium.TakesScreenshot.getScreenshotAs(org.openqa.selenium.OutputType)&amp;quot; because &amp;quot;this.driver&amp;quot; is null">
      <![CDATA[java.lang.NullPointerException: Cannot invoke "org.openqa.selenium.TakesScreenshot.getScreenshotAs(org.openqa.selenium.OutputType)" because "this.driver" is null
at utils.WebTestBase.reportWrapUp(WebTestBase.java:70)
at java.base/java.util.ArrayList.forEach(ArrayList.java:1511)
... Removed 31 stack frames]]>
    </failure>
  </testcase> <!-- @AfterMethod reportWrapUp -->
  <testcase classname="utils.WebTestBase" name="@BeforeMethod beforeMethod" time="-1.667476177178E9">
    <skipped/>
  </testcase> <!-- @BeforeMethod beforeMethod -->
  <testcase classname="utils.WebTestBase" name="@AfterMethod reportWrapUp" time="0.001">
    <failure type="java.lang.NullPointerException" message="Cannot invoke &amp;quot;org.openqa.selenium.TakesScreenshot.getScreenshotAs(org.openqa.selenium.OutputType)&amp;quot; because &amp;quot;this.driver&amp;quot; is null">
      <![CDATA[java.lang.NullPointerException: Cannot invoke "org.openqa.selenium.TakesScreenshot.getScreenshotAs(org.openqa.selenium.OutputType)" because "this.driver" is null
at utils.WebTestBase.reportWrapUp(WebTestBase.java:70)
at java.base/java.util.ArrayList.forEach(ArrayList.java:1511)
... Removed 31 stack frames]]>
    </failure>
  </testcase> <!-- @AfterMethod reportWrapUp -->
  <testcase classname="utils.WebTestBase" name="@BeforeMethod beforeMethod" time="-1.667476177193E9">
    <skipped/>
  </testcase> <!-- @BeforeMethod beforeMethod -->
  <testcase classname="utils.WebTestBase" name="@AfterMethod reportWrapUp" time="0.001">
    <failure type="java.lang.NullPointerException" message="Cannot invoke &amp;quot;org.openqa.selenium.TakesScreenshot.getScreenshotAs(org.openqa.selenium.OutputType)&amp;quot; because &amp;quot;this.driver&amp;quot; is null">
      <![CDATA[java.lang.NullPointerException: Cannot invoke "org.openqa.selenium.TakesScreenshot.getScreenshotAs(org.openqa.selenium.OutputType)" because "this.driver" is null
at utils.WebTestBase.reportWrapUp(WebTestBase.java:70)
at java.base/java.util.ArrayList.forEach(ArrayList.java:1511)
... Removed 31 stack frames]]>
    </failure>
  </testcase> <!-- @AfterMethod reportWrapUp -->
  <testcase classname="utils.WebTestBase" name="@BeforeMethod beforeMethod" time="-1.66747617725E9">
    <skipped/>
  </testcase> <!-- @BeforeMethod beforeMethod -->
  <testcase classname="utils.WebTestBase" name="@AfterMethod reportWrapUp" time="0.001">
    <failure type="java.lang.NullPointerException" message="Cannot invoke &amp;quot;org.openqa.selenium.TakesScreenshot.getScreenshotAs(org.openqa.selenium.OutputType)&amp;quot; because &amp;quot;this.driver&amp;quot; is null">
      <![CDATA[java.lang.NullPointerException: Cannot invoke "org.openqa.selenium.TakesScreenshot.getScreenshotAs(org.openqa.selenium.OutputType)" because "this.driver" is null
at utils.WebTestBase.reportWrapUp(WebTestBase.java:70)
at java.base/java.util.ArrayList.forEach(ArrayList.java:1511)
... Removed 31 stack frames]]>
    </failure>
  </testcase> <!-- @AfterMethod reportWrapUp -->
  <testcase classname="utils.WebTestBase" name="@BeforeMethod beforeMethod" time="-1.667476177273E9">
    <skipped/>
  </testcase> <!-- @BeforeMethod beforeMethod -->
  <testcase classname="utils.WebTestBase" name="@AfterMethod reportWrapUp" time="0.003">
    <failure type="java.lang.NullPointerException" message="Cannot invoke &amp;quot;org.openqa.selenium.TakesScreenshot.getScreenshotAs(org.openqa.selenium.OutputType)&amp;quot; because &amp;quot;this.driver&amp;quot; is null">
      <![CDATA[java.lang.NullPointerException: Cannot invoke "org.openqa.selenium.TakesScreenshot.getScreenshotAs(org.openqa.selenium.OutputType)" because "this.driver" is null
at utils.WebTestBase.reportWrapUp(WebTestBase.java:70)
at java.base/java.util.ArrayList.forEach(ArrayList.java:1511)
... Removed 31 stack frames]]>
    </failure>
  </testcase> <!-- @AfterMethod reportWrapUp -->
  <testcase classname="utils.WebTestBase" name="@AfterClass closeBrowser" time="0.001">
    <failure type="java.lang.NullPointerException" message="Cannot invoke &amp;quot;org.openqa.selenium.WebDriver.quit()&amp;quot; because &amp;quot;this.driver&amp;quot; is null">
      <![CDATA[java.lang.NullPointerException: Cannot invoke "org.openqa.selenium.WebDriver.quit()" because "this.driver" is null
at utils.WebTestBase.closeBrowser(WebTestBase.java:86)
at java.base/java.util.ArrayList.forEach(ArrayList.java:1511)
... Removed 25 stack frames]]>
    </failure>
  </testcase> <!-- @AfterClass closeBrowser -->
  <testcase classname="utils.WebTestBase" name="@BeforeClass setUp" time="0.019">
    <failure type="java.lang.IllegalStateException" message="The driver executable does not exist: C:\Users\aanand\git\TalygenTimeTracking\TalygenTimeTracking\chromedriver.exe">
      <![CDATA[java.lang.IllegalStateException: The driver executable does not exist: C:\Users\aanand\git\TalygenTimeTracking\TalygenTimeTracking\chromedriver.exe
at com.google.common.base.Preconditions.checkState(Preconditions.java:585)
at org.openqa.selenium.remote.service.DriverService.checkExecutable(DriverService.java:146)
at org.openqa.selenium.remote.service.DriverService.findExecutable(DriverService.java:141)
at org.openqa.selenium.chrome.ChromeDriverService.access$000(ChromeDriverService.java:35)
at org.openqa.selenium.chrome.ChromeDriverService$Builder.findDefaultExecutable(ChromeDriverService.java:159)
at org.openqa.selenium.remote.service.DriverService$Builder.build(DriverService.java:355)
at org.openqa.selenium.chrome.ChromeDriverService.createDefaultService(ChromeDriverService.java:94)
at org.openqa.selenium.chrome.ChromeDriver.<init>(ChromeDriver.java:157)
at utils.Drivers.getWebDriver(Drivers.java:59)
at utils.WebTestBase.setUp(WebTestBase.java:51)
at java.base/java.util.ArrayList.forEach(ArrayList.java:1511)
... Removed 25 stack frames]]>
    </failure>
  </testcase> <!-- @BeforeClass setUp -->
  <testcase classname="utils.WebTestBase" name="@BeforeMethod beforeMethod" time="-1.667476177326E9">
    <skipped/>
  </testcase> <!-- @BeforeMethod beforeMethod -->
  <testcase classname="utils.WebTestBase" name="@AfterMethod reportWrapUp" time="0.001">
    <failure type="java.lang.NullPointerException" message="Cannot invoke &amp;quot;org.openqa.selenium.TakesScreenshot.getScreenshotAs(org.openqa.selenium.OutputType)&amp;quot; because &amp;quot;this.driver&amp;quot; is null">
      <![CDATA[java.lang.NullPointerException: Cannot invoke "org.openqa.selenium.TakesScreenshot.getScreenshotAs(org.openqa.selenium.OutputType)" because "this.driver" is null
at utils.WebTestBase.reportWrapUp(WebTestBase.java:70)
at java.base/java.util.ArrayList.forEach(ArrayList.java:1511)
... Removed 31 stack frames]]>
    </failure>
  </testcase> <!-- @AfterMethod reportWrapUp -->
  <testcase classname="utils.WebTestBase" name="@AfterClass closeBrowser" time="0.0">
    <failure type="java.lang.NullPointerException" message="Cannot invoke &amp;quot;org.openqa.selenium.WebDriver.quit()&amp;quot; because &amp;quot;this.driver&amp;quot; is null">
      <![CDATA[java.lang.NullPointerException: Cannot invoke "org.openqa.selenium.WebDriver.quit()" because "this.driver" is null
at utils.WebTestBase.closeBrowser(WebTestBase.java:86)
at java.base/java.util.ArrayList.forEach(ArrayList.java:1511)
... Removed 25 stack frames]]>
    </failure>
  </testcase> <!-- @AfterClass closeBrowser -->
  <testcase classname="utils.WebTestBase" name="@BeforeClass setUp" time="0.016">
    <failure type="java.lang.IllegalStateException" message="The driver executable does not exist: C:\Users\aanand\git\TalygenTimeTracking\TalygenTimeTracking\chromedriver.exe">
      <![CDATA[java.lang.IllegalStateException: The driver executable does not exist: C:\Users\aanand\git\TalygenTimeTracking\TalygenTimeTracking\chromedriver.exe
at com.google.common.base.Preconditions.checkState(Preconditions.java:585)
at org.openqa.selenium.remote.service.DriverService.checkExecutable(DriverService.java:146)
at org.openqa.selenium.remote.service.DriverService.findExecutable(DriverService.java:141)
at org.openqa.selenium.chrome.ChromeDriverService.access$000(ChromeDriverService.java:35)
at org.openqa.selenium.chrome.ChromeDriverService$Builder.findDefaultExecutable(ChromeDriverService.java:159)
at org.openqa.selenium.remote.service.DriverService$Builder.build(DriverService.java:355)
at org.openqa.selenium.chrome.ChromeDriverService.createDefaultService(ChromeDriverService.java:94)
at org.openqa.selenium.chrome.ChromeDriver.<init>(ChromeDriver.java:157)
at utils.Drivers.getWebDriver(Drivers.java:59)
at utils.WebTestBase.setUp(WebTestBase.java:51)
at java.base/java.util.ArrayList.forEach(ArrayList.java:1511)
... Removed 25 stack frames]]>
    </failure>
  </testcase> <!-- @BeforeClass setUp -->
  <testcase classname="utils.WebTestBase" name="@BeforeMethod beforeMethod" time="-1.667476177364E9">
    <skipped/>
  </testcase> <!-- @BeforeMethod beforeMethod -->
  <testcase classname="utils.WebTestBase" name="@AfterMethod reportWrapUp" time="0.001">
    <failure type="java.lang.NullPointerException" message="Cannot invoke &amp;quot;org.openqa.selenium.TakesScreenshot.getScreenshotAs(org.openqa.selenium.OutputType)&amp;quot; because &amp;quot;this.driver&amp;quot; is null">
      <![CDATA[java.lang.NullPointerException: Cannot invoke "org.openqa.selenium.TakesScreenshot.getScreenshotAs(org.openqa.selenium.OutputType)" because "this.driver" is null
at utils.WebTestBase.reportWrapUp(WebTestBase.java:70)
at java.base/java.util.ArrayList.forEach(ArrayList.java:1511)
... Removed 31 stack frames]]>
    </failure>
  </testcase> <!-- @AfterMethod reportWrapUp -->
  <testcase classname="utils.WebTestBase" name="@BeforeMethod beforeMethod" time="-1.667476177383E9">
    <skipped/>
  </testcase> <!-- @BeforeMethod beforeMethod -->
  <testcase classname="utils.WebTestBase" name="@AfterMethod reportWrapUp" time="0.01">
    <failure type="java.lang.NullPointerException" message="Cannot invoke &amp;quot;org.openqa.selenium.TakesScreenshot.getScreenshotAs(org.openqa.selenium.OutputType)&amp;quot; because &amp;quot;this.driver&amp;quot; is null">
      <![CDATA[java.lang.NullPointerException: Cannot invoke "org.openqa.selenium.TakesScreenshot.getScreenshotAs(org.openqa.selenium.OutputType)" because "this.driver" is null
at utils.WebTestBase.reportWrapUp(WebTestBase.java:70)
at java.base/java.util.ArrayList.forEach(ArrayList.java:1511)
... Removed 31 stack frames]]>
    </failure>
  </testcase> <!-- @AfterMethod reportWrapUp -->
  <testcase classname="utils.WebTestBase" name="@AfterClass closeBrowser" time="0.0">
    <failure type="java.lang.NullPointerException" message="Cannot invoke &amp;quot;org.openqa.selenium.WebDriver.quit()&amp;quot; because &amp;quot;this.driver&amp;quot; is null">
      <![CDATA[java.lang.NullPointerException: Cannot invoke "org.openqa.selenium.WebDriver.quit()" because "this.driver" is null
at utils.WebTestBase.closeBrowser(WebTestBase.java:86)
at java.base/java.util.ArrayList.forEach(ArrayList.java:1511)
... Removed 25 stack frames]]>
    </failure>
  </testcase> <!-- @AfterClass closeBrowser -->
  <testcase classname="utils.WebTestBase" name="@BeforeClass setUp" time="0.007">
    <failure type="java.lang.IllegalStateException" message="The driver executable does not exist: C:\Users\aanand\git\TalygenTimeTracking\TalygenTimeTracking\chromedriver.exe">
      <![CDATA[java.lang.IllegalStateException: The driver executable does not exist: C:\Users\aanand\git\TalygenTimeTracking\TalygenTimeTracking\chromedriver.exe
at com.google.common.base.Preconditions.checkState(Preconditions.java:585)
at org.openqa.selenium.remote.service.DriverService.checkExecutable(DriverService.java:146)
at org.openqa.selenium.remote.service.DriverService.findExecutable(DriverService.java:141)
at org.openqa.selenium.chrome.ChromeDriverService.access$000(ChromeDriverService.java:35)
at org.openqa.selenium.chrome.ChromeDriverService$Builder.findDefaultExecutable(ChromeDriverService.java:159)
at org.openqa.selenium.remote.service.DriverService$Builder.build(DriverService.java:355)
at org.openqa.selenium.chrome.ChromeDriverService.createDefaultService(ChromeDriverService.java:94)
at org.openqa.selenium.chrome.ChromeDriver.<init>(ChromeDriver.java:157)
at utils.Drivers.getWebDriver(Drivers.java:59)
at utils.WebTestBase.setUp(WebTestBase.java:51)
at java.base/java.util.ArrayList.forEach(ArrayList.java:1511)
... Removed 25 stack frames]]>
    </failure>
  </testcase> <!-- @BeforeClass setUp -->
  <testcase classname="utils.WebTestBase" name="@BeforeMethod beforeMethod" time="-1.667476177432E9">
    <skipped/>
  </testcase> <!-- @BeforeMethod beforeMethod -->
  <testcase classname="utils.WebTestBase" name="@AfterMethod reportWrapUp" time="0.001">
    <failure type="java.lang.NullPointerException" message="Cannot invoke &amp;quot;org.openqa.selenium.TakesScreenshot.getScreenshotAs(org.openqa.selenium.OutputType)&amp;quot; because &amp;quot;this.driver&amp;quot; is null">
      <![CDATA[java.lang.NullPointerException: Cannot invoke "org.openqa.selenium.TakesScreenshot.getScreenshotAs(org.openqa.selenium.OutputType)" because "this.driver" is null
at utils.WebTestBase.reportWrapUp(WebTestBase.java:70)
at java.base/java.util.ArrayList.forEach(ArrayList.java:1511)
... Removed 31 stack frames]]>
    </failure>
  </testcase> <!-- @AfterMethod reportWrapUp -->
  <testcase classname="utils.WebTestBase" name="@BeforeMethod beforeMethod" time="-1.667476177439E9">
    <skipped/>
  </testcase> <!-- @BeforeMethod beforeMethod -->
  <testcase classname="utils.WebTestBase" name="@AfterMethod reportWrapUp" time="0.002">
    <failure type="java.lang.NullPointerException" message="Cannot invoke &amp;quot;org.openqa.selenium.TakesScreenshot.getScreenshotAs(org.openqa.selenium.OutputType)&amp;quot; because &amp;quot;this.driver&amp;quot; is null">
      <![CDATA[java.lang.NullPointerException: Cannot invoke "org.openqa.selenium.TakesScreenshot.getScreenshotAs(org.openqa.selenium.OutputType)" because "this.driver" is null
at utils.WebTestBase.reportWrapUp(WebTestBase.java:70)
at java.base/java.util.ArrayList.forEach(ArrayList.java:1511)
... Removed 31 stack frames]]>
    </failure>
  </testcase> <!-- @AfterMethod reportWrapUp -->
  <testcase classname="utils.WebTestBase" name="@BeforeMethod beforeMethod" time="-1.667476177452E9">
    <skipped/>
  </testcase> <!-- @BeforeMethod beforeMethod -->
  <testcase classname="utils.WebTestBase" name="@AfterMethod reportWrapUp" time="0.003">
    <failure type="java.lang.NullPointerException" message="Cannot invoke &amp;quot;org.openqa.selenium.TakesScreenshot.getScreenshotAs(org.openqa.selenium.OutputType)&amp;quot; because &amp;quot;this.driver&amp;quot; is null">
      <![CDATA[java.lang.NullPointerException: Cannot invoke "org.openqa.selenium.TakesScreenshot.getScreenshotAs(org.openqa.selenium.OutputType)" because "this.driver" is null
at utils.WebTestBase.reportWrapUp(WebTestBase.java:70)
at java.base/java.util.ArrayList.forEach(ArrayList.java:1511)
... Removed 31 stack frames]]>
    </failure>
  </testcase> <!-- @AfterMethod reportWrapUp -->
  <testcase classname="utils.WebTestBase" name="@BeforeMethod beforeMethod" time="-1.667476177462E9">
    <skipped/>
  </testcase> <!-- @BeforeMethod beforeMethod -->
  <testcase classname="utils.WebTestBase" name="@AfterMethod reportWrapUp" time="0.001">
    <failure type="java.lang.NullPointerException" message="Cannot invoke &amp;quot;org.openqa.selenium.TakesScreenshot.getScreenshotAs(org.openqa.selenium.OutputType)&amp;quot; because &amp;quot;this.driver&amp;quot; is null">
      <![CDATA[java.lang.NullPointerException: Cannot invoke "org.openqa.selenium.TakesScreenshot.getScreenshotAs(org.openqa.selenium.OutputType)" because "this.driver" is null
at utils.WebTestBase.reportWrapUp(WebTestBase.java:70)
at java.base/java.util.ArrayList.forEach(ArrayList.java:1511)
... Removed 31 stack frames]]>
    </failure>
  </testcase> <!-- @AfterMethod reportWrapUp -->
  <testcase classname="utils.WebTestBase" name="@BeforeMethod beforeMethod" time="-1.667476177492E9">
    <skipped/>
  </testcase> <!-- @BeforeMethod beforeMethod -->
  <testcase classname="utils.WebTestBase" name="@AfterMethod reportWrapUp" time="0.001">
    <failure type="java.lang.NullPointerException" message="Cannot invoke &amp;quot;org.openqa.selenium.TakesScreenshot.getScreenshotAs(org.openqa.selenium.OutputType)&amp;quot; because &amp;quot;this.driver&amp;quot; is null">
      <![CDATA[java.lang.NullPointerException: Cannot invoke "org.openqa.selenium.TakesScreenshot.getScreenshotAs(org.openqa.selenium.OutputType)" because "this.driver" is null
at utils.WebTestBase.reportWrapUp(WebTestBase.java:70)
at java.base/java.util.ArrayList.forEach(ArrayList.java:1511)
... Removed 31 stack frames]]>
    </failure>
  </testcase> <!-- @AfterMethod reportWrapUp -->
  <testcase classname="utils.WebTestBase" name="@AfterClass closeBrowser" time="0.0">
    <failure type="java.lang.NullPointerException" message="Cannot invoke &amp;quot;org.openqa.selenium.WebDriver.quit()&amp;quot; because &amp;quot;this.driver&amp;quot; is null">
      <![CDATA[java.lang.NullPointerException: Cannot invoke "org.openqa.selenium.WebDriver.quit()" because "this.driver" is null
at utils.WebTestBase.closeBrowser(WebTestBase.java:86)
at java.base/java.util.ArrayList.forEach(ArrayList.java:1511)
... Removed 25 stack frames]]>
    </failure>
  </testcase> <!-- @AfterClass closeBrowser -->
  <testcase classname="utils.WebTestBase" name="@BeforeClass setUp" time="0.005">
    <failure type="java.lang.IllegalStateException" message="The driver executable does not exist: C:\Users\aanand\git\TalygenTimeTracking\TalygenTimeTracking\chromedriver.exe">
      <![CDATA[java.lang.IllegalStateException: The driver executable does not exist: C:\Users\aanand\git\TalygenTimeTracking\TalygenTimeTracking\chromedriver.exe
at com.google.common.base.Preconditions.checkState(Preconditions.java:585)
at org.openqa.selenium.remote.service.DriverService.checkExecutable(DriverService.java:146)
at org.openqa.selenium.remote.service.DriverService.findExecutable(DriverService.java:141)
at org.openqa.selenium.chrome.ChromeDriverService.access$000(ChromeDriverService.java:35)
at org.openqa.selenium.chrome.ChromeDriverService$Builder.findDefaultExecutable(ChromeDriverService.java:159)
at org.openqa.selenium.remote.service.DriverService$Builder.build(DriverService.java:355)
at org.openqa.selenium.chrome.ChromeDriverService.createDefaultService(ChromeDriverService.java:94)
at org.openqa.selenium.chrome.ChromeDriver.<init>(ChromeDriver.java:157)
at utils.Drivers.getWebDriver(Drivers.java:59)
at utils.WebTestBase.setUp(WebTestBase.java:51)
at java.base/java.util.ArrayList.forEach(ArrayList.java:1511)
... Removed 25 stack frames]]>
    </failure>
  </testcase> <!-- @BeforeClass setUp -->
  <testcase classname="utils.WebTestBase" name="@BeforeMethod beforeMethod" time="-1.667476177508E9">
    <skipped/>
  </testcase> <!-- @BeforeMethod beforeMethod -->
  <testcase classname="utils.WebTestBase" name="@AfterMethod reportWrapUp" time="0.0">
    <failure type="java.lang.NullPointerException" message="Cannot invoke &amp;quot;org.openqa.selenium.TakesScreenshot.getScreenshotAs(org.openqa.selenium.OutputType)&amp;quot; because &amp;quot;this.driver&amp;quot; is null">
      <![CDATA[java.lang.NullPointerException: Cannot invoke "org.openqa.selenium.TakesScreenshot.getScreenshotAs(org.openqa.selenium.OutputType)" because "this.driver" is null
at utils.WebTestBase.reportWrapUp(WebTestBase.java:70)
at java.base/java.util.ArrayList.forEach(ArrayList.java:1511)
... Removed 31 stack frames]]>
    </failure>
  </testcase> <!-- @AfterMethod reportWrapUp -->
  <testcase classname="utils.WebTestBase" name="@BeforeMethod beforeMethod" time="-1.667476177513E9">
    <skipped/>
  </testcase> <!-- @BeforeMethod beforeMethod -->
  <testcase classname="utils.WebTestBase" name="@AfterMethod reportWrapUp" time="0.001">
    <failure type="java.lang.NullPointerException" message="Cannot invoke &amp;quot;org.openqa.selenium.TakesScreenshot.getScreenshotAs(org.openqa.selenium.OutputType)&amp;quot; because &amp;quot;this.driver&amp;quot; is null">
      <![CDATA[java.lang.NullPointerException: Cannot invoke "org.openqa.selenium.TakesScreenshot.getScreenshotAs(org.openqa.selenium.OutputType)" because "this.driver" is null
at utils.WebTestBase.reportWrapUp(WebTestBase.java:70)
at java.base/java.util.ArrayList.forEach(ArrayList.java:1511)
... Removed 31 stack frames]]>
    </failure>
  </testcase> <!-- @AfterMethod reportWrapUp -->
  <testcase classname="utils.WebTestBase" name="@BeforeMethod beforeMethod" time="-1.667476177519E9">
    <skipped/>
  </testcase> <!-- @BeforeMethod beforeMethod -->
  <testcase classname="utils.WebTestBase" name="@AfterMethod reportWrapUp" time="0.001">
    <failure type="java.lang.NullPointerException" message="Cannot invoke &amp;quot;org.openqa.selenium.TakesScreenshot.getScreenshotAs(org.openqa.selenium.OutputType)&amp;quot; because &amp;quot;this.driver&amp;quot; is null">
      <![CDATA[java.lang.NullPointerException: Cannot invoke "org.openqa.selenium.TakesScreenshot.getScreenshotAs(org.openqa.selenium.OutputType)" because "this.driver" is null
at utils.WebTestBase.reportWrapUp(WebTestBase.java:70)
at java.base/java.util.ArrayList.forEach(ArrayList.java:1511)
... Removed 31 stack frames]]>
    </failure>
  </testcase> <!-- @AfterMethod reportWrapUp -->
  <testcase classname="utils.WebTestBase" name="@AfterClass closeBrowser" time="0.0">
    <failure type="java.lang.NullPointerException" message="Cannot invoke &amp;quot;org.openqa.selenium.WebDriver.quit()&amp;quot; because &amp;quot;this.driver&amp;quot; is null">
      <![CDATA[java.lang.NullPointerException: Cannot invoke "org.openqa.selenium.WebDriver.quit()" because "this.driver" is null
at utils.WebTestBase.closeBrowser(WebTestBase.java:86)
at java.base/java.util.ArrayList.forEach(ArrayList.java:1511)
... Removed 25 stack frames]]>
    </failure>
  </testcase> <!-- @AfterClass closeBrowser -->
  <testcase classname="utils.WebTestBase" name="@BeforeClass setUp" time="0.007">
    <failure type="java.lang.IllegalStateException" message="The driver executable does not exist: C:\Users\aanand\git\TalygenTimeTracking\TalygenTimeTracking\chromedriver.exe">
      <![CDATA[java.lang.IllegalStateException: The driver executable does not exist: C:\Users\aanand\git\TalygenTimeTracking\TalygenTimeTracking\chromedriver.exe
at com.google.common.base.Preconditions.checkState(Preconditions.java:585)
at org.openqa.selenium.remote.service.DriverService.checkExecutable(DriverService.java:146)
at org.openqa.selenium.remote.service.DriverService.findExecutable(DriverService.java:141)
at org.openqa.selenium.chrome.ChromeDriverService.access$000(ChromeDriverService.java:35)
at org.openqa.selenium.chrome.ChromeDriverService$Builder.findDefaultExecutable(ChromeDriverService.java:159)
at org.openqa.selenium.remote.service.DriverService$Builder.build(DriverService.java:355)
at org.openqa.selenium.chrome.ChromeDriverService.createDefaultService(ChromeDriverService.java:94)
at org.openqa.selenium.chrome.ChromeDriver.<init>(ChromeDriver.java:157)
at utils.Drivers.getWebDriver(Drivers.java:59)
at utils.WebTestBase.setUp(WebTestBase.java:51)
at java.base/java.util.ArrayList.forEach(ArrayList.java:1511)
... Removed 25 stack frames]]>
    </failure>
  </testcase> <!-- @BeforeClass setUp -->
  <testcase classname="utils.WebTestBase" name="@BeforeMethod beforeMethod" time="-1.667476177536E9">
    <skipped/>
  </testcase> <!-- @BeforeMethod beforeMethod -->
  <testcase classname="utils.WebTestBase" name="@AfterMethod reportWrapUp" time="0.002">
    <failure type="java.lang.NullPointerException" message="Cannot invoke &amp;quot;org.openqa.selenium.TakesScreenshot.getScreenshotAs(org.openqa.selenium.OutputType)&amp;quot; because &amp;quot;this.driver&amp;quot; is null">
      <![CDATA[java.lang.NullPointerException: Cannot invoke "org.openqa.selenium.TakesScreenshot.getScreenshotAs(org.openqa.selenium.OutputType)" because "this.driver" is null
at utils.WebTestBase.reportWrapUp(WebTestBase.java:70)
at java.base/java.util.ArrayList.forEach(ArrayList.java:1511)
... Removed 31 stack frames]]>
    </failure>
  </testcase> <!-- @AfterMethod reportWrapUp -->
  <testcase classname="utils.WebTestBase" name="@BeforeMethod beforeMethod" time="-1.667476177543E9">
    <skipped/>
  </testcase> <!-- @BeforeMethod beforeMethod -->
  <testcase classname="utils.WebTestBase" name="@AfterMethod reportWrapUp" time="0.0">
    <failure type="java.lang.NullPointerException" message="Cannot invoke &amp;quot;org.openqa.selenium.TakesScreenshot.getScreenshotAs(org.openqa.selenium.OutputType)&amp;quot; because &amp;quot;this.driver&amp;quot; is null">
      <![CDATA[java.lang.NullPointerException: Cannot invoke "org.openqa.selenium.TakesScreenshot.getScreenshotAs(org.openqa.selenium.OutputType)" because "this.driver" is null
at utils.WebTestBase.reportWrapUp(WebTestBase.java:70)
at java.base/java.util.ArrayList.forEach(ArrayList.java:1511)
... Removed 31 stack frames]]>
    </failure>
  </testcase> <!-- @AfterMethod reportWrapUp -->
  <testcase classname="utils.WebTestBase" name="@AfterClass closeBrowser" time="0.001">
    <failure type="java.lang.NullPointerException" message="Cannot invoke &amp;quot;org.openqa.selenium.WebDriver.quit()&amp;quot; because &amp;quot;this.driver&amp;quot; is null">
      <![CDATA[java.lang.NullPointerException: Cannot invoke "org.openqa.selenium.WebDriver.quit()" because "this.driver" is null
at utils.WebTestBase.closeBrowser(WebTestBase.java:86)
at java.base/java.util.ArrayList.forEach(ArrayList.java:1511)
... Removed 25 stack frames]]>
    </failure>
  </testcase> <!-- @AfterClass closeBrowser -->
  <testcase classname="utils.WebTestBase" name="@BeforeClass setUp" time="0.009">
    <failure type="java.lang.IllegalStateException" message="The driver executable does not exist: C:\Users\aanand\git\TalygenTimeTracking\TalygenTimeTracking\chromedriver.exe">
      <![CDATA[java.lang.IllegalStateException: The driver executable does not exist: C:\Users\aanand\git\TalygenTimeTracking\TalygenTimeTracking\chromedriver.exe
at com.google.common.base.Preconditions.checkState(Preconditions.java:585)
at org.openqa.selenium.remote.service.DriverService.checkExecutable(DriverService.java:146)
at org.openqa.selenium.remote.service.DriverService.findExecutable(DriverService.java:141)
at org.openqa.selenium.chrome.ChromeDriverService.access$000(ChromeDriverService.java:35)
at org.openqa.selenium.chrome.ChromeDriverService$Builder.findDefaultExecutable(ChromeDriverService.java:159)
at org.openqa.selenium.remote.service.DriverService$Builder.build(DriverService.java:355)
at org.openqa.selenium.chrome.ChromeDriverService.createDefaultService(ChromeDriverService.java:94)
at org.openqa.selenium.chrome.ChromeDriver.<init>(ChromeDriver.java:157)
at utils.Drivers.getWebDriver(Drivers.java:59)
at utils.WebTestBase.setUp(WebTestBase.java:51)
at java.base/java.util.ArrayList.forEach(ArrayList.java:1511)
... Removed 25 stack frames]]>
    </failure>
  </testcase> <!-- @BeforeClass setUp -->
  <testcase classname="utils.WebTestBase" name="@BeforeMethod beforeMethod" time="-1.667476177566E9">
    <skipped/>
  </testcase> <!-- @BeforeMethod beforeMethod -->
  <testcase classname="utils.WebTestBase" name="@AfterMethod reportWrapUp" time="0.001">
    <failure type="java.lang.NullPointerException" message="Cannot invoke &amp;quot;org.openqa.selenium.TakesScreenshot.getScreenshotAs(org.openqa.selenium.OutputType)&amp;quot; because &amp;quot;this.driver&amp;quot; is null">
      <![CDATA[java.lang.NullPointerException: Cannot invoke "org.openqa.selenium.TakesScreenshot.getScreenshotAs(org.openqa.selenium.OutputType)" because "this.driver" is null
at utils.WebTestBase.reportWrapUp(WebTestBase.java:70)
at java.base/java.util.ArrayList.forEach(ArrayList.java:1511)
... Removed 31 stack frames]]>
    </failure>
  </testcase> <!-- @AfterMethod reportWrapUp -->
  <testcase classname="utils.WebTestBase" name="@BeforeMethod beforeMethod" time="-1.667476177572E9">
    <skipped/>
  </testcase> <!-- @BeforeMethod beforeMethod -->
  <testcase classname="utils.WebTestBase" name="@AfterMethod reportWrapUp" time="0.001">
    <failure type="java.lang.NullPointerException" message="Cannot invoke &amp;quot;org.openqa.selenium.TakesScreenshot.getScreenshotAs(org.openqa.selenium.OutputType)&amp;quot; because &amp;quot;this.driver&amp;quot; is null">
      <![CDATA[java.lang.NullPointerException: Cannot invoke "org.openqa.selenium.TakesScreenshot.getScreenshotAs(org.openqa.selenium.OutputType)" because "this.driver" is null
at utils.WebTestBase.reportWrapUp(WebTestBase.java:70)
at java.base/java.util.ArrayList.forEach(ArrayList.java:1511)
... Removed 31 stack frames]]>
    </failure>
  </testcase> <!-- @AfterMethod reportWrapUp -->
  <testcase classname="utils.WebTestBase" name="@BeforeMethod beforeMethod" time="-1.667476177578E9">
    <skipped/>
  </testcase> <!-- @BeforeMethod beforeMethod -->
  <testcase classname="utils.WebTestBase" name="@AfterMethod reportWrapUp" time="0.001">
    <failure type="java.lang.NullPointerException" message="Cannot invoke &amp;quot;org.openqa.selenium.TakesScreenshot.getScreenshotAs(org.openqa.selenium.OutputType)&amp;quot; because &amp;quot;this.driver&amp;quot; is null">
      <![CDATA[java.lang.NullPointerException: Cannot invoke "org.openqa.selenium.TakesScreenshot.getScreenshotAs(org.openqa.selenium.OutputType)" because "this.driver" is null
at utils.WebTestBase.reportWrapUp(WebTestBase.java:70)
at java.base/java.util.ArrayList.forEach(ArrayList.java:1511)
... Removed 31 stack frames]]>
    </failure>
  </testcase> <!-- @AfterMethod reportWrapUp -->
  <testcase classname="utils.WebTestBase" name="@BeforeMethod beforeMethod" time="-1.667476177585E9">
    <skipped/>
  </testcase> <!-- @BeforeMethod beforeMethod -->
  <testcase classname="utils.WebTestBase" name="@AfterMethod reportWrapUp" time="0.001">
    <failure type="java.lang.NullPointerException" message="Cannot invoke &amp;quot;org.openqa.selenium.TakesScreenshot.getScreenshotAs(org.openqa.selenium.OutputType)&amp;quot; because &amp;quot;this.driver&amp;quot; is null">
      <![CDATA[java.lang.NullPointerException: Cannot invoke "org.openqa.selenium.TakesScreenshot.getScreenshotAs(org.openqa.selenium.OutputType)" because "this.driver" is null
at utils.WebTestBase.reportWrapUp(WebTestBase.java:70)
at java.base/java.util.ArrayList.forEach(ArrayList.java:1511)
... Removed 31 stack frames]]>
    </failure>
  </testcase> <!-- @AfterMethod reportWrapUp -->
  <testcase classname="utils.WebTestBase" name="@BeforeMethod beforeMethod" time="-1.667476177591E9">
    <skipped/>
  </testcase> <!-- @BeforeMethod beforeMethod -->
  <testcase classname="utils.WebTestBase" name="@AfterMethod reportWrapUp" time="0.001">
    <failure type="java.lang.NullPointerException" message="Cannot invoke &amp;quot;org.openqa.selenium.TakesScreenshot.getScreenshotAs(org.openqa.selenium.OutputType)&amp;quot; because &amp;quot;this.driver&amp;quot; is null">
      <![CDATA[java.lang.NullPointerException: Cannot invoke "org.openqa.selenium.TakesScreenshot.getScreenshotAs(org.openqa.selenium.OutputType)" because "this.driver" is null
at utils.WebTestBase.reportWrapUp(WebTestBase.java:70)
at java.base/java.util.ArrayList.forEach(ArrayList.java:1511)
... Removed 31 stack frames]]>
    </failure>
  </testcase> <!-- @AfterMethod reportWrapUp -->
  <testcase classname="utils.WebTestBase" name="@AfterClass closeBrowser" time="0.0">
    <failure type="java.lang.NullPointerException" message="Cannot invoke &amp;quot;org.openqa.selenium.WebDriver.quit()&amp;quot; because &amp;quot;this.driver&amp;quot; is null">
      <![CDATA[java.lang.NullPointerException: Cannot invoke "org.openqa.selenium.WebDriver.quit()" because "this.driver" is null
at utils.WebTestBase.closeBrowser(WebTestBase.java:86)
at java.base/java.util.ArrayList.forEach(ArrayList.java:1511)
... Removed 25 stack frames]]>
    </failure>
  </testcase> <!-- @AfterClass closeBrowser -->
  <testcase classname="testCases.WorkDairyTest" name="validationCheckOfWorkDairy" time="0.0">
    <skipped/>
  </testcase> <!-- validationCheckOfWorkDairy -->
  <testcase classname="testCases.WorkDairyTest" name="validationOfScreenShot" time="0.0">
    <skipped/>
  </testcase> <!-- validationOfScreenShot -->
  <testcase classname="testCases.TimeReportTest" name="ValidationCheck" time="0.0">
    <skipped/>
  </testcase> <!-- ValidationCheck -->
  <testcase classname="testCases.TimeReportTest" name="ValidationOneMonthProjectReportWithUserName" time="0.0">
    <skipped/>
  </testcase> <!-- ValidationOneMonthProjectReportWithUserName -->
  <testcase classname="testCases.TimeReportTest" name="ValidationOneMonthProjectReportWithDepartmentName" time="0.0">
    <skipped/>
  </testcase> <!-- ValidationOneMonthProjectReportWithDepartmentName -->
  <testcase classname="testCases.TimeReportTest" name="ValidationOneMonthProjectReportWithProjectName" time="0.0">
    <skipped/>
  </testcase> <!-- ValidationOneMonthProjectReportWithProjectName -->
  <testcase classname="testCases.TimeReportTest" name="ValidationOfOneWeekProjectReportWithUserName" time="0.0">
    <skipped/>
  </testcase> <!-- ValidationOfOneWeekProjectReportWithUserName -->
  <testcase classname="testCases.TimeReportTest" name="ValidationOfOneWeekProjectReportWithDepartmentName" time="0.0">
    <skipped/>
  </testcase> <!-- ValidationOfOneWeekProjectReportWithDepartmentName -->
  <testcase classname="testCases.TimeReportTest" name="ValidationOfOneWeekProjectReportWithProjectName" time="0.0">
    <skipped/>
  </testcase> <!-- ValidationOfOneWeekProjectReportWithProjectName -->
  <testcase classname="testCases.TimeReportTest" name="ValidationOfClientReportWithUserName" time="0.0">
    <skipped/>
  </testcase> <!-- ValidationOfClientReportWithUserName -->
  <testcase classname="testCases.TimeReportTest" name="ValidationOfClientReportWithProjectName" time="0.0">
    <skipped/>
  </testcase> <!-- ValidationOfClientReportWithProjectName -->
  <testcase classname="testCases.TimeReportTest" name="ValidationOfClientReportWithDepartmentName" time="0.0">
    <skipped/>
  </testcase> <!-- ValidationOfClientReportWithDepartmentName -->
  <testcase classname="testCases.TimeReportTest" name="ValidationOfentryWiseReportwithUsername" time="0.0">
    <skipped/>
  </testcase> <!-- ValidationOfentryWiseReportwithUsername -->
  <testcase classname="testCases.TimeReportTest" name="ValidationOfentryWiseReportwithProjectName" time="0.0">
    <skipped/>
  </testcase> <!-- ValidationOfentryWiseReportwithProjectName -->
  <testcase classname="testCases.TimeReportTest" name="ValidationOfentryWiseReportwithDepartmentName" time="0.0">
    <skipped/>
  </testcase> <!-- ValidationOfentryWiseReportwithDepartmentName -->
  <testcase classname="testCases.TimeReportTest" name="ValidationOfHalfYearlyProjectReportwithUserName" time="0.0">
    <skipped/>
  </testcase> <!-- ValidationOfHalfYearlyProjectReportwithUserName -->
  <testcase classname="testCases.TimeReportTest" name="ValidationOfHalfYearlyProjectReportwithDepartmentName" time="0.0">
    <skipped/>
  </testcase> <!-- ValidationOfHalfYearlyProjectReportwithDepartmentName -->
  <testcase classname="testCases.TimeReportTest" name="ValidationOfHalfYearlyProjectReportwithProjectName" time="0.0">
    <skipped/>
  </testcase> <!-- ValidationOfHalfYearlyProjectReportwithProjectName -->
  <testcase classname="testCases.TimeReportTest" name="ValidationOfprofitabilityProjectReportwithProjectName" time="0.0">
    <skipped/>
  </testcase> <!-- ValidationOfprofitabilityProjectReportwithProjectName -->
  <testcase classname="testCases.TimeReportTest" name="ValidationOfprofitabilityProjectReportwithchannelName" time="0.0">
    <skipped/>
  </testcase> <!-- ValidationOfprofitabilityProjectReportwithchannelName -->
  <testcase classname="testCases.TimeReportTest" name="ValidationOfProjectDetailsReportWithUsername" time="0.0">
    <skipped/>
  </testcase> <!-- ValidationOfProjectDetailsReportWithUsername -->
  <testcase classname="testCases.TimeReportTest" name="ValidationOfProjectDetailsReportWithProjectname" time="0.0">
    <skipped/>
  </testcase> <!-- ValidationOfProjectDetailsReportWithProjectname -->
  <testcase classname="testCases.TimeReportTest" name="ValidationOfProjectDetailsReportWithDepartmentname" time="0.001">
    <skipped/>
  </testcase> <!-- ValidationOfProjectDetailsReportWithDepartmentname -->
  <testcase classname="testCases.TimeReportTest" name="ValidationOfProjectReportWithUsername" time="0.0">
    <skipped/>
  </testcase> <!-- ValidationOfProjectReportWithUsername -->
  <testcase classname="testCases.TimeReportTest" name="ValidationOfProjectReportWithPriojectname" time="0.0">
    <skipped/>
  </testcase> <!-- ValidationOfProjectReportWithPriojectname -->
  <testcase classname="testCases.TimeReportTest" name="ValidationOfProjectReportWithDepartnamename" time="0.0">
    <skipped/>
  </testcase> <!-- ValidationOfProjectReportWithDepartnamename -->
  <testcase classname="testCases.TimeReportTest" name="ValidationOfProjectwiseReportWithTeamMemeber" time="0.0">
    <skipped/>
  </testcase> <!-- ValidationOfProjectwiseReportWithTeamMemeber -->
  <testcase classname="testCases.TimeReportTest" name="ValidationOfProjectwiseReportWithProjectName" time="0.0">
    <skipped/>
  </testcase> <!-- ValidationOfProjectwiseReportWithProjectName -->
  <testcase classname="testCases.TimeReportTest" name="ValidationOfTrackEnrtyDetailsReportWithUserName" time="0.0">
    <skipped/>
  </testcase> <!-- ValidationOfTrackEnrtyDetailsReportWithUserName -->
  <testcase classname="testCases.TimeReportTest" name="ValidationOfTrackEnrtyDetailsReportWithProjectName" time="0.0">
    <skipped/>
  </testcase> <!-- ValidationOfTrackEnrtyDetailsReportWithProjectName -->
  <testcase classname="testCases.TimeReportTest" name="ValidationOfTrackEnrtyDetailsReportWithDepartmentname" time="0.0">
    <skipped/>
  </testcase> <!-- ValidationOfTrackEnrtyDetailsReportWithDepartmentname -->
  <testcase classname="testCases.TimeReportTest" name="ValidationOfTimeSheetReportWithUsername" time="0.0">
    <skipped/>
  </testcase> <!-- ValidationOfTimeSheetReportWithUsername -->
  <testcase classname="testCases.TimeReportTest" name="ValidationOfTimeSheetReportWithProjectname" time="0.0">
    <skipped/>
  </testcase> <!-- ValidationOfTimeSheetReportWithProjectname -->
  <testcase classname="testCases.TimeReportTest" name="ValidationOfUserReportWithusername" time="0.0">
    <skipped/>
  </testcase> <!-- ValidationOfUserReportWithusername -->
  <testcase classname="testCases.TimeReportTest" name="ValidationOfUserReportWithProjectname" time="0.0">
    <skipped/>
  </testcase> <!-- ValidationOfUserReportWithProjectname -->
  <testcase classname="testCases.TimeReportTest" name="ValidationOfUserReportWithDepartmentname" time="0.0">
    <skipped/>
  </testcase> <!-- ValidationOfUserReportWithDepartmentname -->
  <testcase classname="testCases.TimeReportTest" name="ValidationOfUserWiseReportWithUserName" time="0.0">
    <skipped/>
  </testcase> <!-- ValidationOfUserWiseReportWithUserName -->
  <testcase classname="testCases.TimeReportTest" name="ValidationOfUserWiseReportWithProjectName" time="0.0">
    <skipped/>
  </testcase> <!-- ValidationOfUserWiseReportWithProjectName -->
  <testcase classname="testCases.TimeReportTest" name="ValidationOfUserWiseReportWithDepartmentName" time="0.0">
    <skipped/>
  </testcase> <!-- ValidationOfUserWiseReportWithDepartmentName -->
  <testcase classname="testCases.TimeApprovalTest" name="ValidationCheck" time="0.0">
    <skipped/>
  </testcase> <!-- ValidationCheck -->
  <testcase classname="testCases.TimeApprovalTest" name="ValidateTimeSheetRejectionFunctionality" time="0.0">
    <skipped/>
  </testcase> <!-- ValidateTimeSheetRejectionFunctionality -->
  <testcase classname="testCases.TimeApprovalTest" name="ValidateTimeSheetApproveFunctionality" time="0.0">
    <skipped/>
  </testcase> <!-- ValidateTimeSheetApproveFunctionality -->
  <testcase classname="testCases.FlagTrackEntryTest" name="validationCheck" time="0.0">
    <skipped/>
  </testcase> <!-- validationCheck -->
  <testcase classname="testCases.FlagTrackEntryTest" name="validationOfSearchFunctionality" time="0.0">
    <skipped/>
  </testcase> <!-- validationOfSearchFunctionality -->
  <testcase classname="testCases.FlagTrackEntryTest" name="validationOfFlagedFunctionality" time="0.0">
    <skipped/>
  </testcase> <!-- validationOfFlagedFunctionality -->
  <testcase classname="testCases.FlagTrackEntryTest" name="validationOfUnFlagedFunctionality" time="0.0">
    <skipped/>
  </testcase> <!-- validationOfUnFlagedFunctionality -->
  <testcase classname="testCases.FlagTrackEntryTest" name="validationOfUpdateFunctionality" time="0.0">
    <skipped/>
  </testcase> <!-- validationOfUpdateFunctionality -->
  <testcase classname="testCases.TimeTrackTest" name="startTimeTrack" time="0.0">
    <skipped/>
  </testcase> <!-- startTimeTrack -->
  <testcase classname="testCases.TimeTrackTest" name="VerifyTimeTrackactivity" time="0.0">
    <skipped/>
  </testcase> <!-- VerifyTimeTrackactivity -->
  <testcase classname="testCases.TimeTrackTest" name="VerifyclanderViewFunctionality" time="0.0">
    <skipped/>
  </testcase> <!-- VerifyclanderViewFunctionality -->
  <testcase classname="testCases.TimeTrackTest" name="validatetimeEntryThroughFilter" time="0.0">
    <skipped/>
  </testcase> <!-- validatetimeEntryThroughFilter -->
  <testcase classname="testCases.TimeTrackTest" name="validateAddTimeEntryManually" time="0.0">
    <skipped/>
  </testcase> <!-- validateAddTimeEntryManually -->
  <testcase classname="testCases.TimeTrackForFlagTrackEntryTest" name="startTimeTrack" time="0.0">
    <skipped/>
  </testcase> <!-- startTimeTrack -->
  <testcase classname="testCases.ProjectListingTest" name="addProjectWithDefaultTemplate" time="0.001">
    <skipped/>
  </testcase> <!-- addProjectWithDefaultTemplate -->
  <testcase classname="testCases.ProjectListingTest" name="deleteProjectFromList" time="0.0">
    <skipped/>
  </testcase> <!-- deleteProjectFromList -->
  <testcase classname="testCases.BulkTimeEntryTest" name="validationCheckOfBulkTimeEntry" time="0.0">
    <skipped/>
  </testcase> <!-- validationCheckOfBulkTimeEntry -->
  <testcase classname="testCases.BulkTimeEntryTest" name="addBulkTimeEntry" time="0.0">
    <skipped/>
  </testcase> <!-- addBulkTimeEntry -->
  <testcase classname="testCases.BulkTimeEntryTest" name="validationCheckOfAddMultipleBulkTimeEntryButtton" time="0.0">
    <skipped/>
  </testcase> <!-- validationCheckOfAddMultipleBulkTimeEntryButtton -->
  <testcase classname="testCases.BulkTimeEntryTest" name="CheckFunctionalityOfDeleteBulkTimeEntryButtton" time="0.0">
    <skipped/>
  </testcase> <!-- CheckFunctionalityOfDeleteBulkTimeEntryButtton -->
  <testcase classname="testCases.BulkTimeEntryTest" name="CheckFunctionalityOfResetBulkTimeEntryButtton" time="0.0">
    <skipped/>
  </testcase> <!-- CheckFunctionalityOfResetBulkTimeEntryButtton -->
  <testcase classname="testCases.TimeSheetTest" name="ValidationCheck" time="0.0">
    <skipped/>
  </testcase> <!-- ValidationCheck -->
  <testcase classname="testCases.TimeSheetTest" name="validatefunctionalityOfTimeSheet" time="0.0">
    <skipped/>
  </testcase> <!-- validatefunctionalityOfTimeSheet -->
  <testcase classname="testCases.TimeSheetTest" name="validateSendForApproval" time="0.0">
    <skipped/>
  </testcase> <!-- validateSendForApproval -->
  <testcase classname="testCases.CompanySetupAddUserTest" name="ValidationCheck" time="0.0">
    <skipped/>
  </testcase> <!-- ValidationCheck -->
  <testcase classname="testCases.CompanySetupAddUserTest" name="addUser" time="0.0">
    <skipped/>
  </testcase> <!-- addUser -->
  <testcase classname="testCases.AuditRuleTest" name="validationCheck" time="0.0">
    <skipped/>
  </testcase> <!-- validationCheck -->
  <testcase classname="testCases.AuditRuleTest" name="addNewAuditRuleWithEqualTimeTrackingHour" time="0.0">
    <skipped/>
  </testcase> <!-- addNewAuditRuleWithEqualTimeTrackingHour -->
  <testcase classname="testCases.AuditRuleTest" name="validationCheckOfAuditRuleName" time="0.0">
    <skipped/>
  </testcase> <!-- validationCheckOfAuditRuleName -->
  <testcase classname="testCases.AuditRuleTest" name="validationCheckOfAuditUpdate" time="0.0">
    <skipped/>
  </testcase> <!-- validationCheckOfAuditUpdate -->
  <testcase classname="testCases.AuditRuleTest" name="validationCheckOfAuditRemove" time="0.0">
    <skipped/>
  </testcase> <!-- validationCheckOfAuditRemove -->
  <testcase classname="utils.WebTestBase" name="@AfterSuite close" time="0.0">
    <ignored/>
  </testcase> <!-- @AfterSuite close -->
  <testcase classname="utils.WebTestBase" name="@AfterSuite close" time="0.0">
    <ignored/>
  </testcase> <!-- @AfterSuite close -->
  <testcase classname="utils.WebTestBase" name="@AfterSuite close" time="0.0">
    <ignored/>
  </testcase> <!-- @AfterSuite close -->
  <testcase classname="utils.WebTestBase" name="@AfterSuite close" time="0.0">
    <ignored/>
  </testcase> <!-- @AfterSuite close -->
  <testcase classname="utils.WebTestBase" name="@AfterSuite close" time="0.0">
    <ignored/>
  </testcase> <!-- @AfterSuite close -->
  <testcase classname="utils.WebTestBase" name="@AfterSuite close" time="0.0">
    <ignored/>
  </testcase> <!-- @AfterSuite close -->
  <testcase classname="utils.WebTestBase" name="@AfterSuite close" time="0.0">
    <ignored/>
  </testcase> <!-- @AfterSuite close -->
  <testcase classname="utils.WebTestBase" name="@AfterSuite close" time="0.0">
    <ignored/>
  </testcase> <!-- @AfterSuite close -->
  <testcase classname="utils.WebTestBase" name="@AfterSuite close" time="0.0">
    <ignored/>
  </testcase> <!-- @AfterSuite close -->
  <testcase classname="utils.WebTestBase" name="@AfterSuite close" time="0.0">
    <ignored/>
  </testcase> <!-- @AfterSuite close -->
  <testcase classname="testCases.TimeTrackTest" name="ValidationCheck" time="0.0">
    <ignored/>
  </testcase> <!-- ValidationCheck -->
</testsuite> <!-- Test -->
